{"/home/travis/build/npmtest/node-npmtest-aa-mysql/test.js":{"path":"/home/travis/build/npmtest/node-npmtest-aa-mysql/test.js","s":{"1":2,"2":2,"3":2,"4":2,"5":2,"6":2,"7":2,"8":1,"9":2,"10":2,"11":1,"12":1,"13":1,"14":1,"15":2,"16":2,"17":2,"18":2,"19":1,"20":1,"21":2,"22":2,"23":2,"24":1,"25":1,"26":1,"27":1,"28":1,"29":1,"30":1,"31":1,"32":1,"33":1,"34":1,"35":1,"36":1,"37":1,"38":1,"39":2,"40":2,"41":1,"42":2,"43":2,"44":1,"45":2,"46":2,"47":1,"48":2,"49":2,"50":1,"51":1,"52":1,"53":1,"54":1},"b":{"1":[2,1,1,1],"2":[1,1,1,1],"3":[1,1],"4":[1,1],"5":[1,1],"6":[1,1],"7":[1,1],"8":[1,1],"9":[1,1],"10":[1,1,1],"11":[1,1],"12":[1,1],"13":[1,1],"14":[1,1],"15":[1,1],"16":[1,1],"17":[1,1]},"f":{"1":2,"2":2,"3":2,"4":2,"5":2,"6":1,"7":1,"8":1,"9":2,"10":2,"11":2,"12":2,"13":1},"fnMap":{"1":{"name":"(anonymous_1)","line":12,"loc":{"start":{"line":12,"column":1},"end":{"line":12,"column":13}}},"2":{"name":"(anonymous_2)","line":19,"loc":{"start":{"line":19,"column":5},"end":{"line":19,"column":17}}},"3":{"name":"(anonymous_3)","line":23,"loc":{"start":{"line":23,"column":24},"end":{"line":23,"column":36}}},"4":{"name":"(anonymous_4)","line":61,"loc":{"start":{"line":61,"column":5},"end":{"line":61,"column":17}}},"5":{"name":"(anonymous_5)","line":82,"loc":{"start":{"line":82,"column":5},"end":{"line":82,"column":17}}},"6":{"name":"(anonymous_6)","line":91,"loc":{"start":{"line":91,"column":77},"end":{"line":94,"column":10}}},"7":{"name":"(anonymous_7)","line":112,"loc":{"start":{"line":112,"column":83},"end":{"line":115,"column":10}},"skip":true},"8":{"name":"(anonymous_8)","line":123,"loc":{"start":{"line":123,"column":77},"end":{"line":126,"column":10}},"skip":true},"9":{"name":"(anonymous_9)","line":139,"loc":{"start":{"line":139,"column":12},"end":{"line":139,"column":40}},"skip":true},"10":{"name":"(anonymous_10)","line":147,"loc":{"start":{"line":147,"column":77},"end":{"line":150,"column":10}},"skip":true},"11":{"name":"(anonymous_11)","line":158,"loc":{"start":{"line":158,"column":83},"end":{"line":161,"column":10}},"skip":true},"12":{"name":"(anonymous_12)","line":169,"loc":{"start":{"line":169,"column":79},"end":{"line":172,"column":10}},"skip":true},"13":{"name":"(anonymous_13)","line":180,"loc":{"start":{"line":180,"column":75},"end":{"line":183,"column":10}},"skip":true}},"statementMap":{"1":{"start":{"line":12,"column":0},"end":{"line":195,"column":5}},"2":{"start":{"line":14,"column":4},"end":{"line":14,"column":14}},"3":{"start":{"line":19,"column":4},"end":{"line":56,"column":9}},"4":{"start":{"line":21,"column":8},"end":{"line":21,"column":19}},"5":{"start":{"line":23,"column":8},"end":{"line":35,"column":13}},"6":{"start":{"line":24,"column":12},"end":{"line":34,"column":13}},"7":{"start":{"line":25,"column":16},"end":{"line":28,"column":30}},"8":{"start":{"line":30,"column":16},"end":{"line":33,"column":27}},"9":{"start":{"line":37,"column":8},"end":{"line":39,"column":21}},"10":{"start":{"line":40,"column":8},"end":{"line":53,"column":9}},"11":{"start":{"line":43,"column":12},"end":{"line":46,"column":14}},"12":{"start":{"line":47,"column":12},"end":{"line":47,"column":18}},"13":{"start":{"line":50,"column":12},"end":{"line":51,"column":33}},"14":{"start":{"line":52,"column":12},"end":{"line":52,"column":18}},"15":{"start":{"line":55,"column":8},"end":{"line":55,"column":35}},"16":{"start":{"line":61,"column":4},"end":{"line":63,"column":9}},"17":{"start":{"line":62,"column":8},"end":{"line":62,"column":15}},"18":{"start":{"line":64,"column":4},"end":{"line":77,"column":5}},"19":{"start":{"line":70,"column":8},"end":{"line":70,"column":14}},"20":{"start":{"line":76,"column":8},"end":{"line":76,"column":14}},"21":{"start":{"line":82,"column":4},"end":{"line":84,"column":9}},"22":{"start":{"line":83,"column":8},"end":{"line":83,"column":15}},"23":{"start":{"line":85,"column":4},"end":{"line":194,"column":5}},"24":{"start":{"line":91,"column":8},"end":{"line":99,"column":10}},"25":{"start":{"line":98,"column":12},"end":{"line":98,"column":35}},"26":{"start":{"line":102,"column":8},"end":{"line":104,"column":63}},"27":{"start":{"line":105,"column":8},"end":{"line":105,"column":14}},"28":{"start":{"line":112,"column":8},"end":{"line":121,"column":10},"skip":true},"29":{"start":{"line":119,"column":12},"end":{"line":119,"column":55},"skip":true},"30":{"start":{"line":120,"column":12},"end":{"line":120,"column":48},"skip":true},"31":{"start":{"line":123,"column":8},"end":{"line":136,"column":10},"skip":true},"32":{"start":{"line":130,"column":12},"end":{"line":130,"column":76},"skip":true},"33":{"start":{"line":131,"column":12},"end":{"line":131,"column":73},"skip":true},"34":{"start":{"line":132,"column":12},"end":{"line":132,"column":74},"skip":true},"35":{"start":{"line":133,"column":12},"end":{"line":133,"column":79},"skip":true},"36":{"start":{"line":134,"column":12},"end":{"line":134,"column":25},"skip":true},"37":{"start":{"line":135,"column":12},"end":{"line":135,"column":45},"skip":true},"38":{"start":{"line":138,"column":8},"end":{"line":145,"column":14},"skip":true},"39":{"start":{"line":143,"column":16},"end":{"line":143,"column":29},"skip":true},"40":{"start":{"line":144,"column":16},"end":{"line":144,"column":55},"skip":true},"41":{"start":{"line":147,"column":8},"end":{"line":156,"column":10},"skip":true},"42":{"start":{"line":154,"column":12},"end":{"line":154,"column":25},"skip":true},"43":{"start":{"line":155,"column":12},"end":{"line":155,"column":45},"skip":true},"44":{"start":{"line":158,"column":8},"end":{"line":167,"column":10},"skip":true},"45":{"start":{"line":165,"column":12},"end":{"line":165,"column":25},"skip":true},"46":{"start":{"line":166,"column":12},"end":{"line":166,"column":48},"skip":true},"47":{"start":{"line":169,"column":8},"end":{"line":178,"column":10},"skip":true},"48":{"start":{"line":176,"column":12},"end":{"line":176,"column":25},"skip":true},"49":{"start":{"line":177,"column":12},"end":{"line":177,"column":46},"skip":true},"50":{"start":{"line":180,"column":8},"end":{"line":189,"column":10},"skip":true},"51":{"start":{"line":187,"column":12},"end":{"line":187,"column":94},"skip":true},"52":{"start":{"line":188,"column":12},"end":{"line":188,"column":48},"skip":true},"53":{"start":{"line":192,"column":8},"end":{"line":192,"column":35},"skip":true},"54":{"start":{"line":193,"column":8},"end":{"line":193,"column":14},"skip":true}},"branchMap":{"1":{"line":25,"type":"binary-expr","locations":[{"start":{"line":25,"column":23},"end":{"line":25,"column":62}},{"start":{"line":26,"column":20},"end":{"line":26,"column":70}},{"start":{"line":27,"column":20},"end":{"line":27,"column":71}},{"start":{"line":28,"column":20},"end":{"line":28,"column":29}}]},"2":{"line":30,"type":"binary-expr","locations":[{"start":{"line":30,"column":23},"end":{"line":30,"column":37}},{"start":{"line":31,"column":20},"end":{"line":31,"column":61}},{"start":{"line":32,"column":20},"end":{"line":32,"column":70}},{"start":{"line":33,"column":20},"end":{"line":33,"column":26}}]},"3":{"line":37,"type":"cond-expr","locations":[{"start":{"line":38,"column":14},"end":{"line":38,"column":20}},{"start":{"line":39,"column":14},"end":{"line":39,"column":20}}]},"4":{"line":40,"type":"switch","locations":[{"start":{"line":42,"column":8},"end":{"line":47,"column":18}},{"start":{"line":49,"column":8},"end":{"line":52,"column":18}}]},"5":{"line":44,"type":"binary-expr","locations":[{"start":{"line":44,"column":16},"end":{"line":44,"column":44}},{"start":{"line":44,"column":48},"end":{"line":44,"column":66}}]},"6":{"line":50,"type":"binary-expr","locations":[{"start":{"line":50,"column":21},"end":{"line":50,"column":49}},{"start":{"line":50,"column":53},"end":{"line":50,"column":72}}]},"7":{"line":64,"type":"switch","locations":[{"start":{"line":69,"column":4},"end":{"line":70,"column":14}},{"start":{"line":75,"column":4},"end":{"line":76,"column":14}}]},"8":{"line":85,"type":"switch","locations":[{"start":{"line":90,"column":4},"end":{"line":105,"column":14}},{"start":{"line":111,"column":4},"end":{"line":193,"column":14},"skip":true}]},"9":{"line":91,"type":"binary-expr","locations":[{"start":{"line":91,"column":42},"end":{"line":91,"column":73}},{"start":{"line":91,"column":77},"end":{"line":99,"column":9}}]},"10":{"line":102,"type":"binary-expr","locations":[{"start":{"line":102,"column":18},"end":{"line":102,"column":32}},{"start":{"line":103,"column":12},"end":{"line":103,"column":53}},{"start":{"line":104,"column":12},"end":{"line":104,"column":61}}]},"11":{"line":112,"type":"binary-expr","locations":[{"start":{"line":112,"column":45},"end":{"line":112,"column":79},"skip":true},{"start":{"line":112,"column":83},"end":{"line":121,"column":9},"skip":true}]},"12":{"line":123,"type":"binary-expr","locations":[{"start":{"line":123,"column":42},"end":{"line":123,"column":73},"skip":true},{"start":{"line":123,"column":77},"end":{"line":136,"column":9},"skip":true}]},"13":{"line":138,"type":"binary-expr","locations":[{"start":{"line":138,"column":48},"end":{"line":138,"column":85},"skip":true},{"start":{"line":139,"column":12},"end":{"line":145,"column":13},"skip":true}]},"14":{"line":147,"type":"binary-expr","locations":[{"start":{"line":147,"column":42},"end":{"line":147,"column":73},"skip":true},{"start":{"line":147,"column":77},"end":{"line":156,"column":9},"skip":true}]},"15":{"line":158,"type":"binary-expr","locations":[{"start":{"line":158,"column":45},"end":{"line":158,"column":79},"skip":true},{"start":{"line":158,"column":83},"end":{"line":167,"column":9},"skip":true}]},"16":{"line":169,"type":"binary-expr","locations":[{"start":{"line":169,"column":43},"end":{"line":169,"column":75},"skip":true},{"start":{"line":169,"column":79},"end":{"line":178,"column":9},"skip":true}]},"17":{"line":180,"type":"binary-expr","locations":[{"start":{"line":180,"column":41},"end":{"line":180,"column":71},"skip":true},{"start":{"line":180,"column":75},"end":{"line":189,"column":9},"skip":true}]}},"code":["/* istanbul instrument in package npmtest_aa_mysql */","/*jslint","    bitwise: true,","    browser: true,","    maxerr: 8,","    maxlen: 96,","    node: true,","    nomen: true,","    regexp: true,","    stupid: true","*/","(function () {","    'use strict';","    var local;","","","","    // run shared js-env code - pre-init","    (function () {","        // init local","        local = {};","        // init modeJs","        local.modeJs = (function () {","            try {","                return typeof navigator.userAgent === 'string' &&","                    typeof document.querySelector('body') === 'object' &&","                    typeof XMLHttpRequest.prototype.open === 'function' &&","                    'browser';","            } catch (errorCaughtBrowser) {","                return module.exports &&","                    typeof process.versions.node === 'string' &&","                    typeof require('http').createServer === 'function' &&","                    'node';","            }","        }());","        // init global","        local.global = local.modeJs === 'browser'","            ? window","            : global;","        switch (local.modeJs) {","        // re-init local from window.local","        case 'browser':","            local = local.global.utility2.objectSetDefault(","                local.global.utility2_rollup || local.global.local,","                local.global.utility2","            );","            break;","        // re-init local from example.js","        case 'node':","            local = (local.global.utility2_rollup || require('utility2'))","                .requireReadme();","            break;","        }","        // export local","        local.global.local = local;","    }());","","","","    // run shared js-env code - function","    (function () {","        return;","    }());","    switch (local.modeJs) {","","","","    // run browser js-env code - function","    case 'browser':","        break;","","","","    // run node js-env code - function","    case 'node':","        break;","    }","","","","    // run shared js-env code - post-init","    (function () {","        return;","    }());","    switch (local.modeJs) {","","","","    // run browser js-env code - post-init","    case 'browser':","        local.testCase_browser_nullCase = local.testCase_browser_nullCase || function (","            options,","            onError","        ) {","        /*","         * this function will test browsers's null-case handling-behavior-behavior","         */","            onError(null, options);","        };","","        // run tests","        local.nop(local.modeTest &&","            document.querySelector('#testRunButton1') &&","            document.querySelector('#testRunButton1').click());","        break;","","","","    // run node js-env code - post-init","    /* istanbul ignore next */","    case 'node':","        local.testCase_buildApidoc_default = local.testCase_buildApidoc_default || function (","            options,","            onError","        ) {","        /*","         * this function will test buildApidoc's default handling-behavior-behavior","         */","            options = { modulePathList: module.paths };","            local.buildApidoc(options, onError);","        };","","        local.testCase_buildApp_default = local.testCase_buildApp_default || function (","            options,","            onError","        ) {","        /*","         * this function will test buildApp's default handling-behavior-behavior","         */","            local.testCase_buildReadme_default(options, local.onErrorThrow);","            local.testCase_buildLib_default(options, local.onErrorThrow);","            local.testCase_buildTest_default(options, local.onErrorThrow);","            local.testCase_buildCustomOrg_default(options, local.onErrorThrow);","            options = [];","            local.buildApp(options, onError);","        };","","        local.testCase_buildCustomOrg_default = local.testCase_buildCustomOrg_default ||","            function (options, onError) {","            /*","             * this function will test buildCustomOrg's default handling-behavior","             */","                options = {};","                local.buildCustomOrg(options, onError);","            };","","        local.testCase_buildLib_default = local.testCase_buildLib_default || function (","            options,","            onError","        ) {","        /*","         * this function will test buildLib's default handling-behavior","         */","            options = {};","            local.buildLib(options, onError);","        };","","        local.testCase_buildReadme_default = local.testCase_buildReadme_default || function (","            options,","            onError","        ) {","        /*","         * this function will test buildReadme's default handling-behavior-behavior","         */","            options = {};","            local.buildReadme(options, onError);","        };","","        local.testCase_buildTest_default = local.testCase_buildTest_default || function (","            options,","            onError","        ) {","        /*","         * this function will test buildTest's default handling-behavior","         */","            options = {};","            local.buildTest(options, onError);","        };","","        local.testCase_webpage_default = local.testCase_webpage_default || function (","            options,","            onError","        ) {","        /*","         * this function will test webpage's default handling-behavior","         */","            options = { modeCoverageMerge: true, url: local.serverLocalHost + '?modeTest=1' };","            local.browserTest(options, onError);","        };","","        // run test-server","        local.testRunServer(local);","        break;","    }","}());",""],"l":{"12":2,"14":2,"19":2,"21":2,"23":2,"24":2,"25":2,"30":1,"37":2,"40":2,"43":1,"47":1,"50":1,"52":1,"55":2,"61":2,"62":2,"64":2,"70":1,"76":1,"82":2,"83":2,"85":2,"91":1,"98":1,"102":1,"105":1,"112":1,"119":1,"120":1,"123":1,"130":1,"131":1,"132":1,"133":1,"134":1,"135":1,"138":1,"143":2,"144":2,"147":1,"154":2,"155":2,"158":1,"165":2,"166":2,"169":1,"176":2,"177":2,"180":1,"187":1,"188":1,"192":1,"193":1}},"/home/travis/build/npmtest/node-npmtest-aa-mysql/lib.npmtest_aa_mysql.js":{"path":"/home/travis/build/npmtest/node-npmtest-aa-mysql/lib.npmtest_aa_mysql.js","s":{"1":2,"2":2,"3":2,"4":2,"5":2,"6":2,"7":2,"8":1,"9":2,"10":2,"11":2,"12":2,"13":1,"14":1,"15":1,"16":1},"b":{"1":[2,1,1,1],"2":[1,1,1,1],"3":[1,1],"4":[2,2],"5":[1,1]},"f":{"1":2,"2":2,"3":2},"fnMap":{"1":{"name":"(anonymous_1)","line":12,"loc":{"start":{"line":12,"column":1},"end":{"line":12,"column":13}}},"2":{"name":"(anonymous_2)","line":19,"loc":{"start":{"line":19,"column":5},"end":{"line":19,"column":17}}},"3":{"name":"(anonymous_3)","line":23,"loc":{"start":{"line":23,"column":24},"end":{"line":23,"column":36}}}},"statementMap":{"1":{"start":{"line":12,"column":0},"end":{"line":53,"column":5}},"2":{"start":{"line":14,"column":4},"end":{"line":14,"column":14}},"3":{"start":{"line":19,"column":4},"end":{"line":52,"column":9}},"4":{"start":{"line":21,"column":8},"end":{"line":21,"column":19}},"5":{"start":{"line":23,"column":8},"end":{"line":35,"column":13}},"6":{"start":{"line":24,"column":12},"end":{"line":34,"column":13}},"7":{"start":{"line":25,"column":16},"end":{"line":28,"column":30}},"8":{"start":{"line":30,"column":16},"end":{"line":33,"column":27}},"9":{"start":{"line":37,"column":8},"end":{"line":39,"column":21}},"10":{"start":{"line":41,"column":8},"end":{"line":41,"column":54}},"11":{"start":{"line":43,"column":8},"end":{"line":43,"column":53}},"12":{"start":{"line":45,"column":8},"end":{"line":51,"column":9}},"13":{"start":{"line":46,"column":12},"end":{"line":46,"column":59}},"14":{"start":{"line":48,"column":12},"end":{"line":48,"column":35}},"15":{"start":{"line":49,"column":12},"end":{"line":49,"column":49}},"16":{"start":{"line":50,"column":12},"end":{"line":50,"column":43}}},"branchMap":{"1":{"line":25,"type":"binary-expr","locations":[{"start":{"line":25,"column":23},"end":{"line":25,"column":62}},{"start":{"line":26,"column":20},"end":{"line":26,"column":70}},{"start":{"line":27,"column":20},"end":{"line":27,"column":71}},{"start":{"line":28,"column":20},"end":{"line":28,"column":29}}]},"2":{"line":30,"type":"binary-expr","locations":[{"start":{"line":30,"column":23},"end":{"line":30,"column":37}},{"start":{"line":31,"column":20},"end":{"line":31,"column":61}},{"start":{"line":32,"column":20},"end":{"line":32,"column":70}},{"start":{"line":33,"column":20},"end":{"line":33,"column":26}}]},"3":{"line":37,"type":"cond-expr","locations":[{"start":{"line":38,"column":14},"end":{"line":38,"column":20}},{"start":{"line":39,"column":14},"end":{"line":39,"column":20}}]},"4":{"line":41,"type":"binary-expr","locations":[{"start":{"line":41,"column":16},"end":{"line":41,"column":44}},{"start":{"line":41,"column":48},"end":{"line":41,"column":53}}]},"5":{"line":45,"type":"if","locations":[{"start":{"line":45,"column":8},"end":{"line":45,"column":8}},{"start":{"line":45,"column":8},"end":{"line":45,"column":8}}]}},"code":["/* istanbul instrument in package npmtest_aa_mysql */","/*jslint","    bitwise: true,","    browser: true,","    maxerr: 8,","    maxlen: 96,","    node: true,","    nomen: true,","    regexp: true,","    stupid: true","*/","(function () {","    'use strict';","    var local;","","","","    // run shared js-env code - pre-init","    (function () {","        // init local","        local = {};","        // init modeJs","        local.modeJs = (function () {","            try {","                return typeof navigator.userAgent === 'string' &&","                    typeof document.querySelector('body') === 'object' &&","                    typeof XMLHttpRequest.prototype.open === 'function' &&","                    'browser';","            } catch (errorCaughtBrowser) {","                return module.exports &&","                    typeof process.versions.node === 'string' &&","                    typeof require('http').createServer === 'function' &&","                    'node';","            }","        }());","        // init global","        local.global = local.modeJs === 'browser'","            ? window","            : global;","        // init utility2_rollup","        local = local.global.utility2_rollup || local;","        // init lib","        local.local = local.npmtest_aa_mysql = local;","        // init exports","        if (local.modeJs === 'browser') {","            local.global.utility2_npmtest_aa_mysql = local;","        } else {","            module.exports = local;","            module.exports.__dirname = __dirname;","            module.exports.module = module;","        }","    }());","}());",""],"l":{"12":2,"14":2,"19":2,"21":2,"23":2,"24":2,"25":2,"30":1,"37":2,"41":2,"43":2,"45":2,"46":1,"48":1,"49":1,"50":1}},"/home/travis/build/npmtest/node-npmtest-aa-mysql/example.js":{"path":"/home/travis/build/npmtest/node-npmtest-aa-mysql/example.js","s":{"1":2,"2":2,"3":2,"4":2,"5":2,"6":2,"7":2,"8":1,"9":2,"10":2,"11":2,"12":2,"13":1,"14":2,"15":2,"16":2,"17":2,"18":2,"19":0,"20":2,"21":1,"22":1,"23":1,"24":1,"25":1,"26":0,"27":0,"28":1,"29":1,"30":2,"31":0,"32":0,"33":0,"34":1,"35":2,"36":2,"37":3,"38":3,"39":3,"40":3,"41":0,"42":3,"43":3,"44":3,"45":1,"46":3,"47":1,"48":1,"49":1,"50":1,"51":1,"52":1,"53":1,"54":1,"55":1,"56":1,"57":0,"58":1,"59":6,"60":6,"61":1,"62":2,"63":0,"64":2,"65":1,"66":1,"67":0,"68":0,"69":0,"70":0,"71":0,"72":0,"73":0,"74":0,"75":0,"76":0,"77":0,"78":0,"79":0,"80":0,"81":0,"82":0,"83":0},"b":{"1":[2,1,1,1],"2":[1,1,1,1],"3":[1,1],"4":[2,2],"5":[1,1],"6":[1,1],"7":[2,0],"8":[2,1,1,1,1,1],"9":[0,2,0],"10":[1,1],"11":[2,1,1],"12":[1,0],"13":[0,2],"14":[2,0,0,0,0,0,0],"15":[0,3],"16":[3,0],"17":[1,1],"18":[0,1],"19":[1,2,0,2],"20":[1,0],"21":[1,1],"22":[0,0],"23":[0,0],"24":[0,0],"25":[0,0],"26":[0,0],"27":[0,0],"28":[0,0]},"f":{"1":2,"2":2,"3":2,"4":2,"5":2,"6":2,"7":3,"8":3,"9":3,"10":1,"11":6,"12":0},"fnMap":{"1":{"name":"(anonymous_1)","line":26,"loc":{"start":{"line":26,"column":1},"end":{"line":26,"column":13}}},"2":{"name":"(anonymous_2)","line":33,"loc":{"start":{"line":33,"column":5},"end":{"line":33,"column":17}}},"3":{"name":"(anonymous_3)","line":37,"loc":{"start":{"line":37,"column":24},"end":{"line":37,"column":36}}},"4":{"name":"(anonymous_4)","line":69,"loc":{"start":{"line":69,"column":31},"end":{"line":69,"column":48}},"skip":true},"5":{"name":"(anonymous_5)","line":78,"loc":{"start":{"line":78,"column":26},"end":{"line":78,"column":45}},"skip":true},"6":{"name":"(anonymous_6)","line":123,"loc":{"start":{"line":123,"column":33},"end":{"line":123,"column":48}},"skip":true},"7":{"name":"(anonymous_7)","line":125,"loc":{"start":{"line":125,"column":27},"end":{"line":125,"column":39}},"skip":true},"8":{"name":"(anonymous_8)","line":133,"loc":{"start":{"line":133,"column":59},"end":{"line":133,"column":74}},"skip":true},"9":{"name":"(anonymous_9)","line":143,"loc":{"start":{"line":143,"column":45},"end":{"line":143,"column":62}},"skip":true},"10":{"name":"(anonymous_10)","line":144,"loc":{"start":{"line":144,"column":73},"end":{"line":144,"column":92}},"skip":true},"11":{"name":"(anonymous_11)","line":272,"loc":{"start":{"line":272,"column":51},"end":{"line":272,"column":77}},"skip":true},"12":{"name":"(anonymous_12)","line":315,"loc":{"start":{"line":315,"column":32},"end":{"line":315,"column":61}},"skip":true}},"statementMap":{"1":{"start":{"line":26,"column":0},"end":{"line":326,"column":5}},"2":{"start":{"line":28,"column":4},"end":{"line":28,"column":14}},"3":{"start":{"line":33,"column":4},"end":{"line":60,"column":9}},"4":{"start":{"line":35,"column":8},"end":{"line":35,"column":19}},"5":{"start":{"line":37,"column":8},"end":{"line":49,"column":13}},"6":{"start":{"line":38,"column":12},"end":{"line":48,"column":13}},"7":{"start":{"line":39,"column":16},"end":{"line":42,"column":30}},"8":{"start":{"line":44,"column":16},"end":{"line":47,"column":27}},"9":{"start":{"line":51,"column":8},"end":{"line":53,"column":21}},"10":{"start":{"line":55,"column":8},"end":{"line":57,"column":45}},"11":{"start":{"line":59,"column":8},"end":{"line":59,"column":35}},"12":{"start":{"line":61,"column":4},"end":{"line":325,"column":5}},"13":{"start":{"line":69,"column":8},"end":{"line":121,"column":10},"skip":true},"14":{"start":{"line":70,"column":12},"end":{"line":88,"column":13},"skip":true},"15":{"start":{"line":76,"column":16},"end":{"line":87,"column":19},"skip":true},"16":{"start":{"line":79,"column":20},"end":{"line":86,"column":21},"skip":true},"17":{"start":{"line":82,"column":24},"end":{"line":82,"column":43},"skip":true},"18":{"start":{"line":83,"column":24},"end":{"line":83,"column":30},"skip":true},"19":{"start":{"line":85,"column":24},"end":{"line":85,"column":49},"skip":true},"20":{"start":{"line":89,"column":12},"end":{"line":107,"column":13},"skip":true},"21":{"start":{"line":92,"column":16},"end":{"line":102,"column":17},"skip":true},"22":{"start":{"line":93,"column":20},"end":{"line":93,"column":86},"skip":true},"23":{"start":{"line":94,"column":20},"end":{"line":95,"column":45},"skip":true},"24":{"start":{"line":96,"column":20},"end":{"line":96,"column":42},"skip":true},"25":{"start":{"line":97,"column":20},"end":{"line":97,"column":48},"skip":true},"26":{"start":{"line":100,"column":20},"end":{"line":100,"column":85},"skip":true},"27":{"start":{"line":101,"column":20},"end":{"line":101,"column":96},"skip":true},"28":{"start":{"line":103,"column":16},"end":{"line":103,"column":22},"skip":true},"29":{"start":{"line":106,"column":16},"end":{"line":106,"column":22},"skip":true},"30":{"start":{"line":108,"column":12},"end":{"line":120,"column":13},"skip":true},"31":{"start":{"line":114,"column":16},"end":{"line":119,"column":17},"skip":true},"32":{"start":{"line":116,"column":20},"end":{"line":116,"column":78},"skip":true},"33":{"start":{"line":118,"column":20},"end":{"line":118,"column":47},"skip":true},"34":{"start":{"line":123,"column":8},"end":{"line":141,"column":11},"skip":true},"35":{"start":{"line":124,"column":12},"end":{"line":124,"column":54},"skip":true},"36":{"start":{"line":125,"column":12},"end":{"line":140,"column":14},"skip":true},"37":{"start":{"line":126,"column":16},"end":{"line":126,"column":28},"skip":true},"38":{"start":{"line":127,"column":16},"end":{"line":127,"column":69},"skip":true},"39":{"start":{"line":128,"column":16},"end":{"line":128,"column":75},"skip":true},"40":{"start":{"line":129,"column":16},"end":{"line":131,"column":17},"skip":true},"41":{"start":{"line":130,"column":20},"end":{"line":130,"column":27},"skip":true},"42":{"start":{"line":133,"column":16},"end":{"line":137,"column":36},"skip":true},"43":{"start":{"line":134,"column":20},"end":{"line":136,"column":55},"skip":true},"44":{"start":{"line":139,"column":16},"end":{"line":139,"column":57},"skip":true},"45":{"start":{"line":143,"column":8},"end":{"line":147,"column":11},"skip":true},"46":{"start":{"line":144,"column":12},"end":{"line":146,"column":15},"skip":true},"47":{"start":{"line":145,"column":16},"end":{"line":145,"column":70},"skip":true},"48":{"start":{"line":149,"column":8},"end":{"line":149,"column":31},"skip":true},"49":{"start":{"line":150,"column":8},"end":{"line":150,"column":14},"skip":true},"50":{"start":{"line":158,"column":8},"end":{"line":158,"column":31},"skip":true},"51":{"start":{"line":160,"column":8},"end":{"line":160,"column":33},"skip":true},"52":{"start":{"line":161,"column":8},"end":{"line":161,"column":37},"skip":true},"53":{"start":{"line":162,"column":8},"end":{"line":162,"column":35},"skip":true},"54":{"start":{"line":164,"column":8},"end":{"line":164,"column":50},"skip":true},"55":{"start":{"line":166,"column":8},"end":{"line":256,"column":2},"skip":true},"56":{"start":{"line":258,"column":8},"end":{"line":286,"column":9},"skip":true},"57":{"start":{"line":259,"column":12},"end":{"line":269,"column":14},"skip":true},"58":{"start":{"line":271,"column":12},"end":{"line":285,"column":19},"skip":true},"59":{"start":{"line":274,"column":20},"end":{"line":274,"column":35},"skip":true},"60":{"start":{"line":275,"column":20},"end":{"line":284,"column":21},"skip":true},"61":{"start":{"line":277,"column":24},"end":{"line":277,"column":64},"skip":true},"62":{"start":{"line":279,"column":24},"end":{"line":279,"column":40},"skip":true},"63":{"start":{"line":281,"column":24},"end":{"line":281,"column":40},"skip":true},"64":{"start":{"line":283,"column":24},"end":{"line":283,"column":39},"skip":true},"65":{"start":{"line":288,"column":8},"end":{"line":290,"column":9},"skip":true},"66":{"start":{"line":289,"column":12},"end":{"line":289,"column":18},"skip":true},"67":{"start":{"line":291,"column":8},"end":{"line":293,"column":54},"skip":true},"68":{"start":{"line":296,"column":8},"end":{"line":301,"column":37},"skip":true},"69":{"start":{"line":303,"column":8},"end":{"line":303,"column":82},"skip":true},"70":{"start":{"line":306,"column":8},"end":{"line":308,"column":9},"skip":true},"71":{"start":{"line":307,"column":12},"end":{"line":307,"column":82},"skip":true},"72":{"start":{"line":310,"column":8},"end":{"line":312,"column":9},"skip":true},"73":{"start":{"line":311,"column":12},"end":{"line":311,"column":18},"skip":true},"74":{"start":{"line":313,"column":8},"end":{"line":313,"column":54},"skip":true},"75":{"start":{"line":314,"column":8},"end":{"line":314,"column":69},"skip":true},"76":{"start":{"line":315,"column":8},"end":{"line":323,"column":36},"skip":true},"77":{"start":{"line":316,"column":12},"end":{"line":316,"column":61},"skip":true},"78":{"start":{"line":317,"column":12},"end":{"line":320,"column":13},"skip":true},"79":{"start":{"line":318,"column":16},"end":{"line":318,"column":75},"skip":true},"80":{"start":{"line":319,"column":16},"end":{"line":319,"column":23},"skip":true},"81":{"start":{"line":321,"column":12},"end":{"line":321,"column":38},"skip":true},"82":{"start":{"line":322,"column":12},"end":{"line":322,"column":27},"skip":true},"83":{"start":{"line":324,"column":8},"end":{"line":324,"column":14},"skip":true}},"branchMap":{"1":{"line":39,"type":"binary-expr","locations":[{"start":{"line":39,"column":23},"end":{"line":39,"column":62}},{"start":{"line":40,"column":20},"end":{"line":40,"column":70}},{"start":{"line":41,"column":20},"end":{"line":41,"column":71}},{"start":{"line":42,"column":20},"end":{"line":42,"column":29}}]},"2":{"line":44,"type":"binary-expr","locations":[{"start":{"line":44,"column":23},"end":{"line":44,"column":37}},{"start":{"line":45,"column":20},"end":{"line":45,"column":61}},{"start":{"line":46,"column":20},"end":{"line":46,"column":70}},{"start":{"line":47,"column":20},"end":{"line":47,"column":26}}]},"3":{"line":51,"type":"cond-expr","locations":[{"start":{"line":52,"column":14},"end":{"line":52,"column":20}},{"start":{"line":53,"column":14},"end":{"line":53,"column":20}}]},"4":{"line":55,"type":"binary-expr","locations":[{"start":{"line":55,"column":16},"end":{"line":55,"column":44}},{"start":{"line":55,"column":49},"end":{"line":57,"column":43}}]},"5":{"line":55,"type":"cond-expr","locations":[{"start":{"line":56,"column":14},"end":{"line":56,"column":52}},{"start":{"line":57,"column":14},"end":{"line":57,"column":43}}]},"6":{"line":61,"type":"switch","locations":[{"start":{"line":68,"column":4},"end":{"line":150,"column":14},"skip":true},{"start":{"line":156,"column":4},"end":{"line":324,"column":14},"skip":true}]},"7":{"line":70,"type":"if","locations":[{"start":{"line":70,"column":12},"end":{"line":70,"column":12},"skip":true},{"start":{"line":70,"column":12},"end":{"line":70,"column":12},"skip":true}]},"8":{"line":70,"type":"binary-expr","locations":[{"start":{"line":70,"column":16},"end":{"line":70,"column":22},"skip":true},{"start":{"line":70,"column":27},"end":{"line":70,"column":32},"skip":true},{"start":{"line":71,"column":20},"end":{"line":71,"column":39},"skip":true},{"start":{"line":72,"column":20},"end":{"line":72,"column":49},"skip":true},{"start":{"line":73,"column":20},"end":{"line":73,"column":58},"skip":true},{"start":{"line":74,"column":20},"end":{"line":74,"column":69},"skip":true}]},"9":{"line":79,"type":"switch","locations":[{"start":{"line":80,"column":20},"end":{"line":80,"column":33},"skip":true},{"start":{"line":81,"column":20},"end":{"line":83,"column":30},"skip":true},{"start":{"line":84,"column":20},"end":{"line":85,"column":49},"skip":true}]},"10":{"line":89,"type":"switch","locations":[{"start":{"line":90,"column":12},"end":{"line":103,"column":22},"skip":true},{"start":{"line":105,"column":12},"end":{"line":106,"column":22},"skip":true}]},"11":{"line":89,"type":"binary-expr","locations":[{"start":{"line":89,"column":20},"end":{"line":89,"column":25},"skip":true},{"start":{"line":89,"column":29},"end":{"line":89,"column":48},"skip":true},{"start":{"line":89,"column":52},"end":{"line":89,"column":74},"skip":true}]},"12":{"line":92,"type":"if","locations":[{"start":{"line":92,"column":16},"end":{"line":92,"column":16},"skip":true},{"start":{"line":92,"column":16},"end":{"line":92,"column":16},"skip":true}]},"13":{"line":108,"type":"if","locations":[{"start":{"line":108,"column":12},"end":{"line":108,"column":12},"skip":true},{"start":{"line":108,"column":12},"end":{"line":108,"column":12},"skip":true}]},"14":{"line":108,"type":"binary-expr","locations":[{"start":{"line":108,"column":16},"end":{"line":108,"column":61},"skip":true},{"start":{"line":108,"column":66},"end":{"line":108,"column":72},"skip":true},{"start":{"line":108,"column":77},"end":{"line":108,"column":82},"skip":true},{"start":{"line":109,"column":20},"end":{"line":109,"column":39},"skip":true},{"start":{"line":110,"column":20},"end":{"line":110,"column":49},"skip":true},{"start":{"line":111,"column":20},"end":{"line":111,"column":58},"skip":true},{"start":{"line":112,"column":20},"end":{"line":112,"column":68},"skip":true}]},"15":{"line":129,"type":"if","locations":[{"start":{"line":129,"column":16},"end":{"line":129,"column":16},"skip":true},{"start":{"line":129,"column":16},"end":{"line":129,"column":16},"skip":true}]},"16":{"line":134,"type":"cond-expr","locations":[{"start":{"line":135,"column":26},"end":{"line":135,"column":29},"skip":true},{"start":{"line":136,"column":26},"end":{"line":136,"column":54},"skip":true}]},"17":{"line":164,"type":"binary-expr","locations":[{"start":{"line":164,"column":27},"end":{"line":164,"column":43},"skip":true},{"start":{"line":164,"column":47},"end":{"line":164,"column":49},"skip":true}]},"18":{"line":258,"type":"if","locations":[{"start":{"line":258,"column":8},"end":{"line":258,"column":8},"skip":true},{"start":{"line":258,"column":8},"end":{"line":258,"column":8},"skip":true}]},"19":{"line":275,"type":"switch","locations":[{"start":{"line":276,"column":20},"end":{"line":277,"column":64},"skip":true},{"start":{"line":278,"column":20},"end":{"line":279,"column":40},"skip":true},{"start":{"line":280,"column":20},"end":{"line":281,"column":40},"skip":true},{"start":{"line":282,"column":20},"end":{"line":283,"column":39},"skip":true}]},"20":{"line":288,"type":"if","locations":[{"start":{"line":288,"column":8},"end":{"line":288,"column":8},"skip":true},{"start":{"line":288,"column":8},"end":{"line":288,"column":8},"skip":true}]},"21":{"line":288,"type":"binary-expr","locations":[{"start":{"line":288,"column":12},"end":{"line":288,"column":40},"skip":true},{"start":{"line":288,"column":44},"end":{"line":288,"column":67},"skip":true}]},"22":{"line":292,"type":"binary-expr","locations":[{"start":{"line":292,"column":12},"end":{"line":292,"column":50},"skip":true},{"start":{"line":293,"column":12},"end":{"line":293,"column":53},"skip":true}]},"23":{"line":297,"type":"binary-expr","locations":[{"start":{"line":297,"column":12},"end":{"line":297,"column":66},"skip":true},{"start":{"line":298,"column":12},"end":{"line":301,"column":36},"skip":true}]},"24":{"line":303,"type":"binary-expr","locations":[{"start":{"line":303,"column":43},"end":{"line":303,"column":75},"skip":true},{"start":{"line":303,"column":79},"end":{"line":303,"column":81},"skip":true}]},"25":{"line":306,"type":"if","locations":[{"start":{"line":306,"column":8},"end":{"line":306,"column":8},"skip":true},{"start":{"line":306,"column":8},"end":{"line":306,"column":8},"skip":true}]},"26":{"line":310,"type":"if","locations":[{"start":{"line":310,"column":8},"end":{"line":310,"column":8},"skip":true},{"start":{"line":310,"column":8},"end":{"line":310,"column":8},"skip":true}]},"27":{"line":313,"type":"binary-expr","locations":[{"start":{"line":313,"column":27},"end":{"line":313,"column":43},"skip":true},{"start":{"line":313,"column":47},"end":{"line":313,"column":53},"skip":true}]},"28":{"line":317,"type":"if","locations":[{"start":{"line":317,"column":12},"end":{"line":317,"column":12},"skip":true},{"start":{"line":317,"column":12},"end":{"line":317,"column":12},"skip":true}]}},"code":["/*","example.js","","quickstart example","","instruction","    1. save this script as example.js","    2. run the shell command:","        $ npm install npmtest-aa-mysql && PORT=8081 node example.js","    3. play with the browser-demo on http://127.0.0.1:8081","*/","","","","/* istanbul instrument in package npmtest_aa_mysql */","/*jslint","    bitwise: true,","    browser: true,","    maxerr: 8,","    maxlen: 96,","    node: true,","    nomen: true,","    regexp: true,","    stupid: true","*/","(function () {","    'use strict';","    var local;","","","","    // run shared js-env code - pre-init","    (function () {","        // init local","        local = {};","        // init modeJs","        local.modeJs = (function () {","            try {","                return typeof navigator.userAgent === 'string' &&","                    typeof document.querySelector('body') === 'object' &&","                    typeof XMLHttpRequest.prototype.open === 'function' &&","                    'browser';","            } catch (errorCaughtBrowser) {","                return module.exports &&","                    typeof process.versions.node === 'string' &&","                    typeof require('http').createServer === 'function' &&","                    'node';","            }","        }());","        // init global","        local.global = local.modeJs === 'browser'","            ? window","            : global;","        // init utility2_rollup","        local = local.global.utility2_rollup || (local.modeJs === 'browser'","            ? local.global.utility2_npmtest_aa_mysql","            : global.utility2_moduleExports);","        // export local","        local.global.local = local;","    }());","    switch (local.modeJs) {","","","","    // post-init","    // run browser js-env code - post-init","    /* istanbul ignore next */","    case 'browser':","        local.testRunBrowser = function (event) {","            if (!event || (event &&","                    event.currentTarget &&","                    event.currentTarget.className &&","                    event.currentTarget.className.includes &&","                    event.currentTarget.className.includes('onreset'))) {","                // reset output","                Array.from(","                    document.querySelectorAll('body > .resettable')","                ).forEach(function (element) {","                    switch (element.tagName) {","                    case 'INPUT':","                    case 'TEXTAREA':","                        element.value = '';","                        break;","                    default:","                        element.textContent = '';","                    }","                });","            }","            switch (event && event.currentTarget && event.currentTarget.id) {","            case 'testRunButton1':","                // show tests","                if (document.querySelector('#testReportDiv1').style.display === 'none') {","                    document.querySelector('#testReportDiv1').style.display = 'block';","                    document.querySelector('#testRunButton1').textContent =","                        'hide internal test';","                    local.modeTest = true;","                    local.testRunDefault(local);","                // hide tests","                } else {","                    document.querySelector('#testReportDiv1').style.display = 'none';","                    document.querySelector('#testRunButton1').textContent = 'run internal test';","                }","                break;","            // custom-case","            default:","                break;","            }","            if (document.querySelector('#inputTextareaEval1') && (!event || (event &&","                    event.currentTarget &&","                    event.currentTarget.className &&","                    event.currentTarget.className.includes &&","                    event.currentTarget.className.includes('oneval')))) {","                // try to eval input-code","                try {","                    /*jslint evil: true*/","                    eval(document.querySelector('#inputTextareaEval1').value);","                } catch (errorCaught) {","                    console.error(errorCaught);","                }","            }","        };","        // log stderr and stdout to #outputTextareaStdout1","        ['error', 'log'].forEach(function (key) {","            console[key + '_original'] = console[key];","            console[key] = function () {","                var element;","                console[key + '_original'].apply(console, arguments);","                element = document.querySelector('#outputTextareaStdout1');","                if (!element) {","                    return;","                }","                // append text to #outputTextareaStdout1","                element.value += Array.from(arguments).map(function (arg) {","                    return typeof arg === 'string'","                        ? arg","                        : JSON.stringify(arg, null, 4);","                }).join(' ') + '\\n';","                // scroll textarea to bottom","                element.scrollTop = element.scrollHeight;","            };","        });","        // init event-handling","        ['change', 'click', 'keyup'].forEach(function (event) {","            Array.from(document.querySelectorAll('.on' + event)).forEach(function (element) {","                element.addEventListener(event, local.testRunBrowser);","            });","        });","        // run tests","        local.testRunBrowser();","        break;","","","","    // run node js-env code - post-init","    /* istanbul ignore next */","    case 'node':","        // export local","        module.exports = local;","        // require modules","        local.fs = require('fs');","        local.http = require('http');","        local.url = require('url');","        // init assets","        local.assetsDict = local.assetsDict || {};","        /* jslint-ignore-begin */","        local.assetsDict['/assets.index.template.html'] = '\\","<!doctype html>\\n\\","<html lang=\"en\">\\n\\","<head>\\n\\","<meta charset=\"UTF-8\">\\n\\","<meta name=\"viewport\" content=\"width=device-width, initial-scale=1\">\\n\\","<title>{{env.npm_package_name}} (v{{env.npm_package_version}})</title>\\n\\","<style>\\n\\","/*csslint\\n\\","    box-sizing: false,\\n\\","    universal-selector: false\\n\\","*/\\n\\","* {\\n\\","    box-sizing: border-box;\\n\\","}\\n\\","body {\\n\\","    background: #dde;\\n\\","    font-family: Arial, Helvetica, sans-serif;\\n\\","    margin: 2rem;\\n\\","}\\n\\","body > * {\\n\\","    margin-bottom: 1rem;\\n\\","}\\n\\",".utility2FooterDiv {\\n\\","    margin-top: 20px;\\n\\","    text-align: center;\\n\\","}\\n\\","</style>\\n\\","<style>\\n\\","/*csslint\\n\\","*/\\n\\","textarea {\\n\\","    font-family: monospace;\\n\\","    height: 10rem;\\n\\","    width: 100%;\\n\\","}\\n\\","textarea[readonly] {\\n\\","    background: #ddd;\\n\\","}\\n\\","</style>\\n\\","</head>\\n\\","<body>\\n\\","<!-- utility2-comment\\n\\","<div id=\"ajaxProgressDiv1\" style=\"background: #d00; height: 2px; left: 0; margin: 0; padding: 0; position: fixed; top: 0; transition: background 0.5s, width 1.5s; width: 25%;\"></div>\\n\\","utility2-comment -->\\n\\","<h1>\\n\\","<!-- utility2-comment\\n\\","    <a\\n\\","        {{#if env.npm_package_homepage}}\\n\\","        href=\"{{env.npm_package_homepage}}\"\\n\\","        {{/if env.npm_package_homepage}}\\n\\","        target=\"_blank\"\\n\\","    >\\n\\","utility2-comment -->\\n\\","        {{env.npm_package_name}} (v{{env.npm_package_version}})\\n\\","<!-- utility2-comment\\n\\","    </a>\\n\\","utility2-comment -->\\n\\","</h1>\\n\\","<h3>{{env.npm_package_description}}</h3>\\n\\","<!-- utility2-comment\\n\\","<h4><a download href=\"assets.app.js\">download standalone app</a></h4>\\n\\","<button class=\"onclick onreset\" id=\"testRunButton1\">run internal test</button><br>\\n\\","<div id=\"testReportDiv1\" style=\"display: none;\"></div>\\n\\","utility2-comment -->\\n\\","\\n\\","\\n\\","\\n\\","<label>stderr and stdout</label>\\n\\","<textarea class=\"resettable\" id=\"outputTextareaStdout1\" readonly></textarea>\\n\\","<!-- utility2-comment\\n\\","{{#if isRollup}}\\n\\","<script src=\"assets.app.js\"></script>\\n\\","{{#unless isRollup}}\\n\\","utility2-comment -->\\n\\","<script src=\"assets.utility2.rollup.js\"></script>\\n\\","<script src=\"jsonp.utility2._stateInit?callback=window.utility2._stateInit\"></script>\\n\\","<script src=\"assets.npmtest_aa_mysql.rollup.js\"></script>\\n\\","<script src=\"assets.example.js\"></script>\\n\\","<script src=\"assets.test.js\"></script>\\n\\","<!-- utility2-comment\\n\\","{{/if isRollup}}\\n\\","utility2-comment -->\\n\\","<div class=\"utility2FooterDiv\">\\n\\","    [ this app was created with\\n\\","    <a href=\"https://github.com/kaizhu256/node-utility2\" target=\"_blank\">utility2</a>\\n\\","    ]\\n\\","</div>\\n\\","</body>\\n\\","</html>\\n\\","';","        /* jslint-ignore-end */","        if (local.templateRender) {","            local.assetsDict['/'] = local.templateRender(","                local.assetsDict['/assets.index.template.html'],","                {","                    env: local.objectSetDefault(local.env, {","                        npm_package_description: 'the greatest app in the world!',","                        npm_package_name: 'my-app',","                        npm_package_nameAlias: 'my_app',","                        npm_package_version: '0.0.1'","                    })","                }","            );","        } else {","            local.assetsDict['/'] = local.assetsDict['/assets.index.template.html']","                .replace((/\\{\\{env\\.(\\w+?)\\}\\}/g), function (match0, match1) {","                    // jslint-hack","                    String(match0);","                    switch (match1) {","                    case 'npm_package_description':","                        return 'the greatest app in the world!';","                    case 'npm_package_name':","                        return 'my-app';","                    case 'npm_package_nameAlias':","                        return 'my_app';","                    case 'npm_package_version':","                        return '0.0.1';","                    }","                });","        }","        // run the cli","        if (local.global.utility2_rollup || module !== require.main) {","            break;","        }","        local.assetsDict['/assets.example.js'] =","            local.assetsDict['/assets.example.js'] ||","            local.fs.readFileSync(__filename, 'utf8');","        // bug-workaround - long $npm_package_buildCustomOrg","        /* jslint-ignore-begin */","        local.assetsDict['/assets.npmtest_aa_mysql.rollup.js'] =","            local.assetsDict['/assets.npmtest_aa_mysql.rollup.js'] ||","            local.fs.readFileSync(","                local.npmtest_aa_mysql.__dirname + '/lib.npmtest_aa_mysql.js',","                'utf8'","            ).replace((/^#!/), '//');","        /* jslint-ignore-end */","        local.assetsDict['/favicon.ico'] = local.assetsDict['/favicon.ico'] || '';","        // if $npm_config_timeout_exit exists,","        // then exit this process after $npm_config_timeout_exit ms","        if (Number(process.env.npm_config_timeout_exit)) {","            setTimeout(process.exit, Number(process.env.npm_config_timeout_exit));","        }","        // start server","        if (local.global.utility2_serverHttp1) {","            break;","        }","        process.env.PORT = process.env.PORT || '8081';","        console.error('server starting on port ' + process.env.PORT);","        local.http.createServer(function (request, response) {","            request.urlParsed = local.url.parse(request.url);","            if (local.assetsDict[request.urlParsed.pathname] !== undefined) {","                response.end(local.assetsDict[request.urlParsed.pathname]);","                return;","            }","            response.statusCode = 404;","            response.end();","        }).listen(process.env.PORT);","        break;","    }","}());",""],"l":{"26":2,"28":2,"33":2,"35":2,"37":2,"38":2,"39":2,"44":1,"51":2,"55":2,"59":2,"61":2,"69":1,"70":2,"76":2,"79":2,"82":2,"83":2,"85":1,"89":2,"92":1,"93":1,"94":1,"96":1,"97":1,"100":1,"101":1,"103":1,"106":1,"108":2,"114":1,"116":1,"118":1,"123":1,"124":2,"125":2,"126":3,"127":3,"128":3,"129":3,"130":1,"133":3,"134":3,"139":3,"143":1,"144":3,"145":1,"149":1,"150":1,"158":1,"160":1,"161":1,"162":1,"164":1,"166":1,"258":1,"259":1,"271":1,"274":6,"275":6,"277":1,"279":2,"281":1,"283":2,"288":1,"289":1,"291":1,"296":1,"303":1,"306":1,"307":1,"310":1,"311":1,"313":1,"314":1,"315":1,"316":1,"317":1,"318":1,"319":1,"321":1,"322":1,"324":1}},"/home/travis/build/npmtest/node-npmtest-aa-mysql/node_modules/aa-mysql/lib/index.js":{"path":"/home/travis/build/npmtest/node-npmtest-aa-mysql/node_modules/aa-mysql/lib/index.js","s":{"1":1,"2":1,"3":1,"4":1,"5":1,"6":1,"7":1,"8":1,"9":0,"10":0,"11":1,"12":0,"13":1,"14":0,"15":1,"16":0,"17":0,"18":0},"b":{},"f":{"1":1,"2":0,"3":0,"4":0,"5":0},"fnMap":{"1":{"name":"(anonymous_1)","line":7,"loc":{"start":{"line":7,"column":14},"end":{"line":7,"column":29}}},"2":{"name":"(anonymous_2)","line":22,"loc":{"start":{"line":22,"column":27},"end":{"line":22,"column":42}}},"3":{"name":"(anonymous_3)","line":29,"loc":{"start":{"line":29,"column":27},"end":{"line":29,"column":38}}},"4":{"name":"(anonymous_4)","line":34,"loc":{"start":{"line":34,"column":31},"end":{"line":34,"column":42}}},"5":{"name":"(anonymous_5)","line":39,"loc":{"start":{"line":39,"column":32},"end":{"line":39,"column":47}}}},"statementMap":{"1":{"start":{"line":1,"column":0},"end":{"line":1,"column":29}},"2":{"start":{"line":2,"column":0},"end":{"line":2,"column":29}},"3":{"start":{"line":3,"column":0},"end":{"line":3,"column":31}},"4":{"start":{"line":4,"column":0},"end":{"line":4,"column":42}},"5":{"start":{"line":7,"column":0},"end":{"line":18,"column":1}},"6":{"start":{"line":9,"column":2},"end":{"line":17,"column":3}},"7":{"start":{"line":19,"column":0},"end":{"line":19,"column":31}},"8":{"start":{"line":22,"column":0},"end":{"line":26,"column":1}},"9":{"start":{"line":23,"column":1},"end":{"line":25,"column":2}},"10":{"start":{"line":24,"column":2},"end":{"line":24,"column":25}},"11":{"start":{"line":29,"column":0},"end":{"line":31,"column":1}},"12":{"start":{"line":30,"column":1},"end":{"line":30,"column":28}},"13":{"start":{"line":34,"column":0},"end":{"line":36,"column":1}},"14":{"start":{"line":35,"column":2},"end":{"line":35,"column":29}},"15":{"start":{"line":39,"column":0},"end":{"line":43,"column":1}},"16":{"start":{"line":40,"column":2},"end":{"line":40,"column":26}},"17":{"start":{"line":41,"column":2},"end":{"line":41,"column":55}},"18":{"start":{"line":42,"column":2},"end":{"line":42,"column":15}}},"branchMap":{},"code":["var Conn = require('./conn');","var Pool = require('./pool');","var Query = require('./query');","var mescapeId = require('mysql').escapeId;","","// aa-mysql class","var AAMysql = function(conf) {","\t// config args","  this.conf = {","    host: 'localhost',","    port: 3306,","    user: 'root',","    pass: '',","    prefix: '',","    db: '',","    connLimit: 20","  }","}","module.exports = new AAMysql();","","// config","AAMysql.prototype.config = function(conf) {","\tfor (var i in conf) {","\t\tthis.conf[i] = conf[i];","\t}","}","","// create a new connection","AAMysql.prototype.create = function() {","\treturn new Conn(this.conf);","}","","// create a new connection pool","AAMysql.prototype.createPool = function() {","  return new Pool(this.conf);","}","","// create a query","AAMysql.prototype.createQuery = function(name) {","  var query = new Query();","  query.sql.table = mescapeId(this.conf.prefix + name);","  return query;","}",""],"l":{"1":1,"2":1,"3":1,"4":1,"7":1,"9":1,"19":1,"22":1,"23":0,"24":0,"29":1,"30":0,"34":1,"35":0,"39":1,"40":0,"41":0,"42":0}},"/home/travis/build/npmtest/node-npmtest-aa-mysql/node_modules/aa-mysql/lib/conn.js":{"path":"/home/travis/build/npmtest/node-npmtest-aa-mysql/node_modules/aa-mysql/lib/conn.js","s":{"1":1,"2":1,"3":1,"4":1,"5":1,"6":1,"7":1,"8":0,"9":0,"10":0,"11":0,"12":0,"13":1,"14":1,"15":0,"16":0,"17":0,"18":0,"19":0,"20":0,"21":0,"22":0,"23":0,"24":0,"25":0,"26":1,"27":0,"28":0,"29":0,"30":0,"31":1,"32":0,"33":0,"34":0,"35":0,"36":0,"37":0,"38":0,"39":0,"40":0,"41":0,"42":0,"43":0,"44":0,"45":0,"46":0,"47":0,"48":0,"49":0,"50":0,"51":0,"52":1,"53":0,"54":0,"55":0,"56":0,"57":1,"58":0,"59":0,"60":0,"61":0,"62":0,"63":0,"64":1,"65":0,"66":1,"67":0,"68":1,"69":0},"b":{"1":[0,0],"2":[0,0],"3":[0,0],"4":[0,0],"5":[0,0],"6":[0,0],"7":[0,0],"8":[0,0],"9":[0,0],"10":[0,0]},"f":{"1":0,"2":0,"3":0,"4":0,"5":0,"6":0,"7":0,"8":0,"9":0,"10":0,"11":0,"12":0,"13":0,"14":0,"15":0,"16":0,"17":0,"18":0,"19":0},"fnMap":{"1":{"name":"(anonymous_1)","line":9,"loc":{"start":{"line":9,"column":30},"end":{"line":9,"column":45}}},"2":{"name":"(anonymous_2)","line":25,"loc":{"start":{"line":25,"column":27},"end":{"line":25,"column":46}}},"3":{"name":"(anonymous_3)","line":27,"loc":{"start":{"line":27,"column":25},"end":{"line":27,"column":36}}},"4":{"name":"(anonymous_4)","line":38,"loc":{"start":{"line":38,"column":20},"end":{"line":38,"column":34}}},"5":{"name":"(anonymous_5)","line":49,"loc":{"start":{"line":49,"column":24},"end":{"line":49,"column":38}}},"6":{"name":"(anonymous_6)","line":52,"loc":{"start":{"line":52,"column":22},"end":{"line":52,"column":36}}},"7":{"name":"(anonymous_7)","line":62,"loc":{"start":{"line":62,"column":25},"end":{"line":62,"column":40}}},"8":{"name":"(anonymous_8)","line":74,"loc":{"start":{"line":74,"column":31},"end":{"line":74,"column":58}}},"9":{"name":"(anonymous_9)","line":76,"loc":{"start":{"line":76,"column":25},"end":{"line":76,"column":36}}},"10":{"name":"(anonymous_10)","line":81,"loc":{"start":{"line":81,"column":11},"end":{"line":81,"column":34}}},"11":{"name":"(anonymous_11)","line":99,"loc":{"start":{"line":99,"column":5},"end":{"line":99,"column":16}}},"12":{"name":"(anonymous_12)","line":100,"loc":{"start":{"line":100,"column":28},"end":{"line":100,"column":47}}},"13":{"name":"(anonymous_13)","line":110,"loc":{"start":{"line":110,"column":25},"end":{"line":110,"column":36}}},"14":{"name":"(anonymous_14)","line":121,"loc":{"start":{"line":121,"column":25},"end":{"line":121,"column":49}}},"15":{"name":"(anonymous_15)","line":123,"loc":{"start":{"line":123,"column":25},"end":{"line":123,"column":36}}},"16":{"name":"(anonymous_16)","line":124,"loc":{"start":{"line":124,"column":23},"end":{"line":124,"column":42}}},"17":{"name":"(anonymous_17)","line":135,"loc":{"start":{"line":135,"column":25},"end":{"line":135,"column":44}}},"18":{"name":"(anonymous_18)","line":142,"loc":{"start":{"line":142,"column":26},"end":{"line":142,"column":45}}},"19":{"name":"(anonymous_19)","line":149,"loc":{"start":{"line":149,"column":28},"end":{"line":149,"column":47}}}},"statementMap":{"1":{"start":{"line":1,"column":0},"end":{"line":1,"column":27}},"2":{"start":{"line":2,"column":0},"end":{"line":2,"column":31}},"3":{"start":{"line":3,"column":0},"end":{"line":3,"column":29}},"4":{"start":{"line":4,"column":0},"end":{"line":4,"column":33}},"5":{"start":{"line":5,"column":0},"end":{"line":5,"column":27}},"6":{"start":{"line":6,"column":0},"end":{"line":6,"column":31}},"7":{"start":{"line":9,"column":0},"end":{"line":19,"column":1}},"8":{"start":{"line":11,"column":2},"end":{"line":11,"column":17}},"9":{"start":{"line":12,"column":2},"end":{"line":14,"column":3}},"10":{"start":{"line":13,"column":4},"end":{"line":13,"column":27}},"11":{"start":{"line":16,"column":2},"end":{"line":16,"column":17}},"12":{"start":{"line":18,"column":2},"end":{"line":18,"column":43}},"13":{"start":{"line":20,"column":0},"end":{"line":20,"column":43}},"14":{"start":{"line":25,"column":0},"end":{"line":55,"column":2}},"15":{"start":{"line":26,"column":2},"end":{"line":26,"column":18}},"16":{"start":{"line":27,"column":2},"end":{"line":27,"column":39}},"17":{"start":{"line":30,"column":2},"end":{"line":35,"column":5}},"18":{"start":{"line":38,"column":2},"end":{"line":46,"column":5}},"19":{"start":{"line":39,"column":4},"end":{"line":45,"column":5}},"20":{"start":{"line":41,"column":6},"end":{"line":41,"column":57}},"21":{"start":{"line":44,"column":6},"end":{"line":44,"column":20}},"22":{"start":{"line":49,"column":2},"end":{"line":51,"column":5}},"23":{"start":{"line":50,"column":4},"end":{"line":50,"column":28}},"24":{"start":{"line":52,"column":2},"end":{"line":54,"column":5}},"25":{"start":{"line":53,"column":4},"end":{"line":53,"column":26}},"26":{"start":{"line":62,"column":0},"end":{"line":67,"column":1}},"27":{"start":{"line":63,"column":2},"end":{"line":63,"column":28}},"28":{"start":{"line":64,"column":2},"end":{"line":64,"column":20}},"29":{"start":{"line":65,"column":2},"end":{"line":65,"column":55}},"30":{"start":{"line":66,"column":2},"end":{"line":66,"column":15}},"31":{"start":{"line":74,"column":0},"end":{"line":105,"column":1}},"32":{"start":{"line":75,"column":2},"end":{"line":75,"column":18}},"33":{"start":{"line":76,"column":2},"end":{"line":76,"column":39}},"34":{"start":{"line":78,"column":2},"end":{"line":78,"column":14}},"35":{"start":{"line":79,"column":2},"end":{"line":79,"column":20}},"36":{"start":{"line":80,"column":2},"end":{"line":80,"column":18}},"37":{"start":{"line":81,"column":2},"end":{"line":95,"column":3}},"38":{"start":{"line":82,"column":4},"end":{"line":82,"column":10}},"39":{"start":{"line":83,"column":4},"end":{"line":83,"column":27}},"40":{"start":{"line":84,"column":4},"end":{"line":84,"column":21}},"41":{"start":{"line":86,"column":4},"end":{"line":94,"column":5}},"42":{"start":{"line":87,"column":6},"end":{"line":93,"column":7}},"43":{"start":{"line":88,"column":8},"end":{"line":88,"column":24}},"44":{"start":{"line":89,"column":8},"end":{"line":89,"column":33}},"45":{"start":{"line":91,"column":8},"end":{"line":91,"column":22}},"46":{"start":{"line":92,"column":8},"end":{"line":92,"column":31}},"47":{"start":{"line":97,"column":2},"end":{"line":97,"column":15}},"48":{"start":{"line":98,"column":2},"end":{"line":104,"column":3}},"49":{"start":{"line":99,"column":4},"end":{"line":103,"column":10}},"50":{"start":{"line":100,"column":6},"end":{"line":102,"column":9}},"51":{"start":{"line":101,"column":8},"end":{"line":101,"column":24}},"52":{"start":{"line":110,"column":0},"end":{"line":114,"column":2}},"53":{"start":{"line":111,"column":2},"end":{"line":111,"column":26}},"54":{"start":{"line":111,"column":19},"end":{"line":111,"column":26}},"55":{"start":{"line":112,"column":2},"end":{"line":112,"column":21}},"56":{"start":{"line":113,"column":2},"end":{"line":113,"column":22}},"57":{"start":{"line":121,"column":0},"end":{"line":130,"column":1}},"58":{"start":{"line":122,"column":2},"end":{"line":122,"column":18}},"59":{"start":{"line":123,"column":2},"end":{"line":123,"column":39}},"60":{"start":{"line":124,"column":2},"end":{"line":129,"column":5}},"61":{"start":{"line":125,"column":4},"end":{"line":127,"column":5}},"62":{"start":{"line":126,"column":6},"end":{"line":126,"column":19}},"63":{"start":{"line":128,"column":4},"end":{"line":128,"column":23}},"64":{"start":{"line":135,"column":0},"end":{"line":137,"column":1}},"65":{"start":{"line":136,"column":2},"end":{"line":136,"column":32}},"66":{"start":{"line":142,"column":0},"end":{"line":144,"column":1}},"67":{"start":{"line":143,"column":2},"end":{"line":143,"column":33}},"68":{"start":{"line":149,"column":0},"end":{"line":151,"column":1}},"69":{"start":{"line":150,"column":2},"end":{"line":150,"column":35}}},"branchMap":{"1":{"line":27,"type":"binary-expr","locations":[{"start":{"line":27,"column":13},"end":{"line":27,"column":21}},{"start":{"line":27,"column":25},"end":{"line":27,"column":38}}]},"2":{"line":39,"type":"if","locations":[{"start":{"line":39,"column":4},"end":{"line":39,"column":4}},{"start":{"line":39,"column":4},"end":{"line":39,"column":4}}]},"3":{"line":76,"type":"binary-expr","locations":[{"start":{"line":76,"column":13},"end":{"line":76,"column":21}},{"start":{"line":76,"column":25},"end":{"line":76,"column":38}}]},"4":{"line":83,"type":"binary-expr","locations":[{"start":{"line":83,"column":13},"end":{"line":83,"column":19}},{"start":{"line":83,"column":23},"end":{"line":83,"column":26}}]},"5":{"line":86,"type":"if","locations":[{"start":{"line":86,"column":4},"end":{"line":86,"column":4}},{"start":{"line":86,"column":4},"end":{"line":86,"column":4}}]},"6":{"line":87,"type":"if","locations":[{"start":{"line":87,"column":6},"end":{"line":87,"column":6}},{"start":{"line":87,"column":6},"end":{"line":87,"column":6}}]},"7":{"line":111,"type":"if","locations":[{"start":{"line":111,"column":2},"end":{"line":111,"column":2}},{"start":{"line":111,"column":2},"end":{"line":111,"column":2}}]},"8":{"line":123,"type":"binary-expr","locations":[{"start":{"line":123,"column":13},"end":{"line":123,"column":21}},{"start":{"line":123,"column":25},"end":{"line":123,"column":38}}]},"9":{"line":125,"type":"if","locations":[{"start":{"line":125,"column":4},"end":{"line":125,"column":4}},{"start":{"line":125,"column":4},"end":{"line":125,"column":4}}]},"10":{"line":125,"type":"binary-expr","locations":[{"start":{"line":125,"column":8},"end":{"line":125,"column":11}},{"start":{"line":125,"column":15},"end":{"line":125,"column":24}}]}},"code":["var util = require('util');","var events = require('events');","var mysql = require('mysql');","var AAQuery = require('./query');","var mescape = mysql.escape;","var mescapeId = mysql.escapeId;","","// connection class","var AAConn = module.exports = function(conf) {","  // default config","  this.conf = {};","  for (var i in conf) {","    this.conf[i] = conf[i];","  }","  // origin connection","  this.conn = {};","  // id","  this.id = parseInt(Math.random() * 10e6);","}","util.inherits(AAConn, events.EventEmitter);","","/** "," * connect to the mysql server"," */","AAConn.prototype.connect = function(callback) {","  var self = this;","  callback = callback || function() {};","","  // create original connection","  this.conn = mysql.createConnection({","    host: this.conf.host,","    port: this.conf.port,","    user: this.conf.user,","    password: this.conf.pass,","  });","","  // connect and select database","  this.conn.connect(function(err) {","    if (!err) {","      //self.query('USE ' + mescapeId(self.conf.db), callback);","      self.query('USE `' + self.conf.db + '`', callback);","    }","    else {","      callback(err);","    }","  });","","  // bind events","  this.conn.on('error', function(err) {","    self.emit('error', err);","  });","  this.conn.on('end', function(err) {","    self.emit('end', err);","  });","};","","/**"," * select a table and return a query obj to chain"," *"," * @param {String} table name"," */ ","AAConn.prototype.table = function(name) {","  var query = new AAQuery();","  query.conn = this;","  query.sql.table = mescapeId(this.conf.prefix + name);","  return query;","}","","/**"," * auto transaction procedure"," *"," * @param {Array} query string list"," */","AAConn.prototype.transaction = function(querys, callback) {","  var self = this;","  callback = callback || function() {};","","  var tot = 0;","  var retErr = null;","  var retRes = [];","  var cb = function(err, res, id) {","    tot++;","    retErr = retErr || err;","    retRes[id] = res;","","    if (tot === querys.length) {","      if (retErr) {","        self.rollback();","        callback(retErr, retRes);","      } else {","        self.commit();","        callback(null, retRes);","      }","    }","  }","","  this.begin();","  for (var i = 0; i < querys.length; i++) {","    (function(i){","      self.query(querys[i], function(err, res) {","        cb(err, res, i);","      });","    })(i);","  }","}","","/**"," * close the connection"," */","AAConn.prototype.close = function() {","  if (this.closed) return;","  this.closed = true;","  this.conn.destroy();","};","","/**"," * query a sql"," *"," * @param {String} sql string"," */","AAConn.prototype.query = function(sql, callback) {","  var self = this;","  callback = callback || function() {};","  this.conn.query(sql, function(err, res) {","    if (err && err.fatal) {","      self.close();","    }","    callback(err, res);","  });","}","","/**"," * begin transaction"," */","AAConn.prototype.begin = function(callback) {","  this.query('BEGIN', callback);","}","","/**"," * commit transaction"," */","AAConn.prototype.commit = function(callback) {","  this.query('COMMIT', callback);","}","","/**"," * rollback transaction"," */","AAConn.prototype.rollback = function(callback) {","  this.query('ROLLBACK', callback);","}",""],"l":{"1":1,"2":1,"3":1,"4":1,"5":1,"6":1,"9":1,"11":0,"12":0,"13":0,"16":0,"18":0,"20":1,"25":1,"26":0,"27":0,"30":0,"38":0,"39":0,"41":0,"44":0,"49":0,"50":0,"52":0,"53":0,"62":1,"63":0,"64":0,"65":0,"66":0,"74":1,"75":0,"76":0,"78":0,"79":0,"80":0,"81":0,"82":0,"83":0,"84":0,"86":0,"87":0,"88":0,"89":0,"91":0,"92":0,"97":0,"98":0,"99":0,"100":0,"101":0,"110":1,"111":0,"112":0,"113":0,"121":1,"122":0,"123":0,"124":0,"125":0,"126":0,"128":0,"135":1,"136":0,"142":1,"143":0,"149":1,"150":0}},"/home/travis/build/npmtest/node-npmtest-aa-mysql/node_modules/aa-mysql/lib/query.js":{"path":"/home/travis/build/npmtest/node-npmtest-aa-mysql/node_modules/aa-mysql/lib/query.js","s":{"1":1,"2":1,"3":1,"4":1,"5":0,"6":0,"7":0,"8":1,"9":0,"10":0,"11":0,"12":0,"13":0,"14":0,"15":0,"16":0,"17":0,"18":0,"19":0,"20":1,"21":0,"22":0,"23":0,"24":0,"25":0,"26":0,"27":0,"28":0,"29":0,"30":0,"31":1,"32":0,"33":0,"34":0,"35":0,"36":0,"37":0,"38":0,"39":0,"40":0,"41":0,"42":0,"43":0,"44":0,"45":0,"46":0,"47":0,"48":0,"49":0,"50":0,"51":0,"52":0,"53":0,"54":0,"55":0,"56":0,"57":1,"58":0,"59":0,"60":0,"61":0,"62":0,"63":0,"64":0,"65":0,"66":0,"67":0,"68":0,"69":1,"70":0,"71":0,"72":0,"73":0,"74":0,"75":0,"76":0,"77":1,"78":0,"79":0,"80":0,"81":0,"82":1,"83":0,"84":0,"85":0,"86":0,"87":0,"88":0,"89":0,"90":0,"91":0,"92":0,"93":1,"94":0,"95":0,"96":1,"97":0,"98":0,"99":0,"100":0,"101":0,"102":0,"103":0,"104":0,"105":0,"106":0,"107":0,"108":1,"109":0,"110":0,"111":1,"112":0,"113":0,"114":0,"115":0,"116":0,"117":0,"118":1,"119":0,"120":0,"121":0,"122":0,"123":0,"124":0,"125":0,"126":0,"127":0,"128":0,"129":0,"130":0,"131":0,"132":0,"133":0,"134":0,"135":0,"136":0,"137":0,"138":0,"139":0,"140":0,"141":0,"142":0,"143":0,"144":0,"145":1,"146":0,"147":0,"148":0,"149":0,"150":0,"151":0,"152":0,"153":0,"154":0,"155":0,"156":0,"157":0,"158":0,"159":0,"160":1,"161":0,"162":0,"163":0,"164":0,"165":0,"166":0,"167":0,"168":0,"169":0,"170":0,"171":0,"172":0,"173":0,"174":0,"175":0,"176":0,"177":0},"b":{"1":[0,0],"2":[0,0],"3":[0,0],"4":[0,0],"5":[0,0],"6":[0,0],"7":[0,0],"8":[0,0],"9":[0,0],"10":[0,0],"11":[0,0],"12":[0,0],"13":[0,0],"14":[0,0],"15":[0,0],"16":[0,0],"17":[0,0],"18":[0,0],"19":[0,0],"20":[0,0],"21":[0,0],"22":[0,0],"23":[0,0],"24":[0,0],"25":[0,0],"26":[0,0],"27":[0,0],"28":[0,0],"29":[0,0],"30":[0,0],"31":[0,0],"32":[0,0],"33":[0,0],"34":[0,0],"35":[0,0],"36":[0,0],"37":[0,0],"38":[0,0],"39":[0,0],"40":[0,0],"41":[0,0],"42":[0,0],"43":[0,0],"44":[0,0],"45":[0,0],"46":[0,0],"47":[0,0],"48":[0,0],"49":[0,0],"50":[0,0],"51":[0,0],"52":[0,0],"53":[0,0],"54":[0,0]},"f":{"1":0,"2":0,"3":0,"4":0,"5":0,"6":0,"7":0,"8":0,"9":0,"10":0,"11":0,"12":0,"13":0,"14":0,"15":0,"16":0,"17":0,"18":0,"19":0},"fnMap":{"1":{"name":"(anonymous_1)","line":6,"loc":{"start":{"line":6,"column":31},"end":{"line":6,"column":42}}},"2":{"name":"(anonymous_2)","line":28,"loc":{"start":{"line":28,"column":26},"end":{"line":28,"column":37}}},"3":{"name":"(anonymous_3)","line":92,"loc":{"start":{"line":92,"column":26},"end":{"line":92,"column":37}}},"4":{"name":"parse","line":111,"loc":{"start":{"line":111,"column":2},"end":{"line":111,"column":22}}},"5":{"name":"(anonymous_5)","line":168,"loc":{"start":{"line":168,"column":26},"end":{"line":168,"column":37}}},"6":{"name":"(anonymous_6)","line":195,"loc":{"start":{"line":195,"column":26},"end":{"line":195,"column":49}}},"7":{"name":"(anonymous_7)","line":214,"loc":{"start":{"line":214,"column":25},"end":{"line":214,"column":45}}},"8":{"name":"(anonymous_8)","line":238,"loc":{"start":{"line":238,"column":25},"end":{"line":238,"column":36}}},"9":{"name":"(anonymous_9)","line":266,"loc":{"start":{"line":266,"column":27},"end":{"line":266,"column":40}}},"10":{"name":"(anonymous_10)","line":274,"loc":{"start":{"line":274,"column":27},"end":{"line":274,"column":46}}},"11":{"name":"(anonymous_11)","line":294,"loc":{"start":{"line":294,"column":25},"end":{"line":294,"column":44}}},"12":{"name":"(anonymous_12)","line":302,"loc":{"start":{"line":302,"column":27},"end":{"line":302,"column":46}}},"13":{"name":"(anonymous_13)","line":324,"loc":{"start":{"line":324,"column":27},"end":{"line":324,"column":52}}},"14":{"name":"(anonymous_14)","line":326,"loc":{"start":{"line":326,"column":25},"end":{"line":326,"column":36}}},"15":{"name":"(anonymous_15)","line":375,"loc":{"start":{"line":375,"column":27},"end":{"line":375,"column":52}}},"16":{"name":"(anonymous_16)","line":377,"loc":{"start":{"line":377,"column":25},"end":{"line":377,"column":36}}},"17":{"name":"(anonymous_17)","line":403,"loc":{"start":{"line":403,"column":25},"end":{"line":403,"column":44}}},"18":{"name":"(anonymous_18)","line":404,"loc":{"start":{"line":404,"column":25},"end":{"line":404,"column":36}}},"19":{"name":"(anonymous_19)","line":422,"loc":{"start":{"line":422,"column":34},"end":{"line":422,"column":54}}}},"statementMap":{"1":{"start":{"line":1,"column":0},"end":{"line":1,"column":29}},"2":{"start":{"line":2,"column":0},"end":{"line":2,"column":27}},"3":{"start":{"line":3,"column":0},"end":{"line":3,"column":31}},"4":{"start":{"line":6,"column":0},"end":{"line":10,"column":1}},"5":{"start":{"line":7,"column":2},"end":{"line":7,"column":16}},"6":{"start":{"line":8,"column":2},"end":{"line":8,"column":15}},"7":{"start":{"line":9,"column":2},"end":{"line":9,"column":17}},"8":{"start":{"line":28,"column":0},"end":{"line":48,"column":1}},"9":{"start":{"line":29,"column":2},"end":{"line":29,"column":18}},"10":{"start":{"line":31,"column":2},"end":{"line":31,"column":22}},"11":{"start":{"line":32,"column":2},"end":{"line":45,"column":3}},"12":{"start":{"line":33,"column":4},"end":{"line":35,"column":5}},"13":{"start":{"line":34,"column":6},"end":{"line":34,"column":29}},"14":{"start":{"line":36,"column":4},"end":{"line":44,"column":5}},"15":{"start":{"line":37,"column":6},"end":{"line":37,"column":69}},"16":{"start":{"line":38,"column":6},"end":{"line":40,"column":7}},"17":{"start":{"line":39,"column":8},"end":{"line":39,"column":82}},"18":{"start":{"line":43,"column":6},"end":{"line":43,"column":42}},"19":{"start":{"line":47,"column":2},"end":{"line":47,"column":14}},"20":{"start":{"line":92,"column":0},"end":{"line":151,"column":1}},"21":{"start":{"line":93,"column":2},"end":{"line":93,"column":22}},"22":{"start":{"line":94,"column":2},"end":{"line":94,"column":19}},"23":{"start":{"line":96,"column":2},"end":{"line":99,"column":3}},"24":{"start":{"line":97,"column":4},"end":{"line":97,"column":16}},"25":{"start":{"line":98,"column":4},"end":{"line":98,"column":32}},"26":{"start":{"line":101,"column":2},"end":{"line":109,"column":3}},"27":{"start":{"line":102,"column":4},"end":{"line":107,"column":5}},"28":{"start":{"line":103,"column":6},"end":{"line":103,"column":20}},"29":{"start":{"line":106,"column":6},"end":{"line":106,"column":30}},"30":{"start":{"line":108,"column":4},"end":{"line":108,"column":16}},"31":{"start":{"line":111,"column":2},"end":{"line":143,"column":3}},"32":{"start":{"line":112,"column":4},"end":{"line":112,"column":25}},"33":{"start":{"line":113,"column":4},"end":{"line":113,"column":73}},"34":{"start":{"line":114,"column":4},"end":{"line":114,"column":17}},"35":{"start":{"line":116,"column":4},"end":{"line":140,"column":5}},"36":{"start":{"line":117,"column":6},"end":{"line":117,"column":46}},"37":{"start":{"line":117,"column":37},"end":{"line":117,"column":46}},"38":{"start":{"line":118,"column":6},"end":{"line":118,"column":47}},"39":{"start":{"line":120,"column":6},"end":{"line":139,"column":41}},"40":{"start":{"line":121,"column":8},"end":{"line":121,"column":22}},"41":{"start":{"line":122,"column":8},"end":{"line":122,"column":20}},"42":{"start":{"line":123,"column":8},"end":{"line":134,"column":9}},"43":{"start":{"line":124,"column":10},"end":{"line":124,"column":43}},"44":{"start":{"line":125,"column":10},"end":{"line":125,"column":16}},"45":{"start":{"line":126,"column":10},"end":{"line":133,"column":11}},"46":{"start":{"line":127,"column":12},"end":{"line":127,"column":52}},"47":{"start":{"line":128,"column":12},"end":{"line":128,"column":45}},"48":{"start":{"line":129,"column":12},"end":{"line":129,"column":72}},"49":{"start":{"line":132,"column":12},"end":{"line":132,"column":62}},"50":{"start":{"line":136,"column":8},"end":{"line":136,"column":51}},"51":{"start":{"line":139,"column":8},"end":{"line":139,"column":41}},"52":{"start":{"line":142,"column":4},"end":{"line":142,"column":15}},"53":{"start":{"line":145,"column":2},"end":{"line":148,"column":32}},"54":{"start":{"line":146,"column":4},"end":{"line":146,"column":22}},"55":{"start":{"line":148,"column":4},"end":{"line":148,"column":32}},"56":{"start":{"line":150,"column":2},"end":{"line":150,"column":14}},"57":{"start":{"line":168,"column":0},"end":{"line":187,"column":1}},"58":{"start":{"line":169,"column":2},"end":{"line":175,"column":3}},"59":{"start":{"line":170,"column":4},"end":{"line":170,"column":17}},"60":{"start":{"line":171,"column":4},"end":{"line":171,"column":24}},"61":{"start":{"line":174,"column":4},"end":{"line":174,"column":20}},"62":{"start":{"line":177,"column":2},"end":{"line":177,"column":22}},"63":{"start":{"line":178,"column":2},"end":{"line":184,"column":3}},"64":{"start":{"line":179,"column":4},"end":{"line":181,"column":5}},"65":{"start":{"line":180,"column":6},"end":{"line":180,"column":29}},"66":{"start":{"line":182,"column":4},"end":{"line":182,"column":67}},"67":{"start":{"line":183,"column":4},"end":{"line":183,"column":49}},"68":{"start":{"line":186,"column":2},"end":{"line":186,"column":14}},"69":{"start":{"line":195,"column":0},"end":{"line":206,"column":1}},"70":{"start":{"line":196,"column":2},"end":{"line":199,"column":3}},"71":{"start":{"line":197,"column":4},"end":{"line":197,"column":18}},"72":{"start":{"line":198,"column":4},"end":{"line":198,"column":15}},"73":{"start":{"line":201,"column":2},"end":{"line":201,"column":22}},"74":{"start":{"line":202,"column":2},"end":{"line":202,"column":48}},"75":{"start":{"line":203,"column":2},"end":{"line":203,"column":25}},"76":{"start":{"line":205,"column":2},"end":{"line":205,"column":14}},"77":{"start":{"line":214,"column":0},"end":{"line":221,"column":1}},"78":{"start":{"line":215,"column":2},"end":{"line":215,"column":17}},"79":{"start":{"line":216,"column":2},"end":{"line":216,"column":20}},"80":{"start":{"line":218,"column":2},"end":{"line":218,"column":52}},"81":{"start":{"line":220,"column":2},"end":{"line":220,"column":14}},"82":{"start":{"line":238,"column":0},"end":{"line":256,"column":1}},"83":{"start":{"line":239,"column":2},"end":{"line":244,"column":3}},"84":{"start":{"line":240,"column":4},"end":{"line":240,"column":17}},"85":{"start":{"line":241,"column":4},"end":{"line":241,"column":24}},"86":{"start":{"line":243,"column":4},"end":{"line":243,"column":20}},"87":{"start":{"line":246,"column":2},"end":{"line":248,"column":3}},"88":{"start":{"line":247,"column":4},"end":{"line":247,"column":26}},"89":{"start":{"line":250,"column":2},"end":{"line":253,"column":3}},"90":{"start":{"line":251,"column":4},"end":{"line":251,"column":83}},"91":{"start":{"line":252,"column":4},"end":{"line":252,"column":78}},"92":{"start":{"line":255,"column":2},"end":{"line":255,"column":14}},"93":{"start":{"line":266,"column":0},"end":{"line":269,"column":1}},"94":{"start":{"line":267,"column":2},"end":{"line":267,"column":15}},"95":{"start":{"line":268,"column":2},"end":{"line":268,"column":14}},"96":{"start":{"line":274,"column":0},"end":{"line":289,"column":1}},"97":{"start":{"line":275,"column":2},"end":{"line":277,"column":3}},"98":{"start":{"line":276,"column":4},"end":{"line":276,"column":25}},"99":{"start":{"line":279,"column":2},"end":{"line":279,"column":29}},"100":{"start":{"line":280,"column":2},"end":{"line":280,"column":58}},"101":{"start":{"line":281,"column":2},"end":{"line":281,"column":29}},"102":{"start":{"line":282,"column":2},"end":{"line":282,"column":35}},"103":{"start":{"line":283,"column":2},"end":{"line":283,"column":69}},"104":{"start":{"line":284,"column":2},"end":{"line":284,"column":72}},"105":{"start":{"line":285,"column":2},"end":{"line":285,"column":69}},"106":{"start":{"line":286,"column":2},"end":{"line":286,"column":24}},"107":{"start":{"line":288,"column":2},"end":{"line":288,"column":29}},"108":{"start":{"line":294,"column":0},"end":{"line":297,"column":1}},"109":{"start":{"line":295,"column":2},"end":{"line":295,"column":19}},"110":{"start":{"line":296,"column":2},"end":{"line":296,"column":31}},"111":{"start":{"line":302,"column":0},"end":{"line":310,"column":1}},"112":{"start":{"line":303,"column":2},"end":{"line":303,"column":34}},"113":{"start":{"line":304,"column":2},"end":{"line":304,"column":35}},"114":{"start":{"line":305,"column":2},"end":{"line":305,"column":29}},"115":{"start":{"line":306,"column":2},"end":{"line":306,"column":35}},"116":{"start":{"line":307,"column":2},"end":{"line":307,"column":24}},"117":{"start":{"line":309,"column":2},"end":{"line":309,"column":29}},"118":{"start":{"line":324,"column":0},"end":{"line":365,"column":1}},"119":{"start":{"line":325,"column":2},"end":{"line":325,"column":49}},"120":{"start":{"line":326,"column":2},"end":{"line":326,"column":39}},"121":{"start":{"line":328,"column":2},"end":{"line":328,"column":34}},"122":{"start":{"line":329,"column":2},"end":{"line":329,"column":35}},"123":{"start":{"line":331,"column":2},"end":{"line":331,"column":25}},"124":{"start":{"line":332,"column":2},"end":{"line":332,"column":20}},"125":{"start":{"line":333,"column":2},"end":{"line":341,"column":3}},"126":{"start":{"line":334,"column":4},"end":{"line":339,"column":5}},"127":{"start":{"line":335,"column":6},"end":{"line":335,"column":29}},"128":{"start":{"line":338,"column":6},"end":{"line":338,"column":18}},"129":{"start":{"line":340,"column":4},"end":{"line":340,"column":35}},"130":{"start":{"line":342,"column":2},"end":{"line":342,"column":25}},"131":{"start":{"line":344,"column":2},"end":{"lin
[...]
9":0,"30":0,"31":0,"32":0,"33":0,"34":0,"35":0,"36":0,"37":1,"38":0,"39":0,"40":0,"41":0,"42":1,"43":0,"44":0,"45":0,"46":0,"47":0,"48":0,"49":0,"50":0,"51":0,"52":0,"53":0,"54":0,"55":0,"56":0,"57":0,"58":0,"59":0,"60":0,"61":0,"62":0,"63":0,"64":0,"65":1,"66":0,"67":0,"68":0,"69":0,"70":0,"71":0,"72":0,"73":1,"74":0,"75":0,"76":0,"77":0,"78":0,"79":0,"80":0,"81":0,"82":0,"83":0,"84":0,"85":0,"86":0,"87":0,"88":0,"89":1,"90":0,"91":0,"92":0,"93":0,"94":0,"95":0,"96":0,"97":0,"98":0,"99":0,"100":0,"101":0,"102":0,"103":0,"104":1,"105":0,"106":0},"b":{"1":[0,0],"2":[0,0],"3":[0,0],"4":[0,0],"5":[0,0],"6":[0,0],"7":[0,0],"8":[0,0],"9":[0,0],"10":[0,0],"11":[0,0],"12":[0,0],"13":[0,0,0],"14":[0,0],"15":[0,0],"16":[0,0],"17":[0,0],"18":[0,0],"19":[0,0],"20":[0,0],"21":[0,0],"22":[0,0],"23":[0,0]},"f":{"1":0,"2":0,"3":0,"4":0,"5":0,"6":0,"7":0,"8":0,"9":0,"10":0,"11":0,"12":0,"13":0,"14":0,"15":0,"16":0,"17":0,"18":0,"19":0},"fnMap":{"1":{"name":"(anonymous_1)","line":8,"loc":{"start":{"line":8,"column":30},"end":{"line":8,"column":45}}},"2":{"name":"(anonymous_2)","line":27,"loc":{"start":{"line":27,"column":23},"end":{"line":27,"column":42}}},"3":{"name":"(anonymous_3)","line":28,"loc":{"start":{"line":28,"column":25},"end":{"line":28,"column":36}}},"4":{"name":"(anonymous_4)","line":54,"loc":{"start":{"line":54,"column":27},"end":{"line":54,"column":42}}},"5":{"name":"(anonymous_5)","line":73,"loc":{"start":{"line":73,"column":25},"end":{"line":73,"column":40}}},"6":{"name":"(anonymous_6)","line":86,"loc":{"start":{"line":86,"column":23},"end":{"line":86,"column":48}}},"7":{"name":"(anonymous_7)","line":88,"loc":{"start":{"line":88,"column":25},"end":{"line":88,"column":36}}},"8":{"name":"(anonymous_8)","line":90,"loc":{"start":{"line":90,"column":11},"end":{"line":90,"column":31}}},"9":{"name":"(anonymous_9)","line":96,"loc":{"start":{"line":96,"column":13},"end":{"line":96,"column":32}}},"10":{"name":"(anonymous_10)","line":129,"loc":{"start":{"line":129,"column":25},"end":{"line":129,"column":49}}},"11":{"name":"(anonymous_11)","line":130,"loc":{"start":{"line":130,"column":25},"end":{"line":130,"column":36}}},"12":{"name":"(anonymous_12)","line":133,"loc":{"start":{"line":133,"column":11},"end":{"line":133,"column":31}}},"13":{"name":"(anonymous_13)","line":147,"loc":{"start":{"line":147,"column":26},"end":{"line":147,"column":45}}},"14":{"name":"(anonymous_14)","line":148,"loc":{"start":{"line":148,"column":25},"end":{"line":148,"column":36}}},"15":{"name":"(anonymous_15)","line":156,"loc":{"start":{"line":156,"column":15},"end":{"line":156,"column":29}}},"16":{"name":"(anonymous_16)","line":167,"loc":{"start":{"line":167,"column":19},"end":{"line":167,"column":33}}},"17":{"name":"(anonymous_17)","line":170,"loc":{"start":{"line":170,"column":17},"end":{"line":170,"column":31}}},"18":{"name":"(anonymous_18)","line":180,"loc":{"start":{"line":180,"column":26},"end":{"line":180,"column":41}}},"19":{"name":"(anonymous_19)","line":209,"loc":{"start":{"line":209,"column":29},"end":{"line":209,"column":40}}}},"statementMap":{"1":{"start":{"line":1,"column":0},"end":{"line":1,"column":29}},"2":{"start":{"line":2,"column":0},"end":{"line":2,"column":31}},"3":{"start":{"line":3,"column":0},"end":{"line":3,"column":33}},"4":{"start":{"line":4,"column":0},"end":{"line":4,"column":27}},"5":{"start":{"line":5,"column":0},"end":{"line":5,"column":31}},"6":{"start":{"line":8,"column":0},"end":{"line":22,"column":1}},"7":{"start":{"line":10,"column":2},"end":{"line":10,"column":17}},"8":{"start":{"line":11,"column":2},"end":{"line":13,"column":3}},"9":{"start":{"line":12,"column":4},"end":{"line":12,"column":27}},"10":{"start":{"line":15,"column":2},"end":{"line":15,"column":19}},"11":{"start":{"line":17,"column":2},"end":{"line":17,"column":21}},"12":{"start":{"line":19,"column":2},"end":{"line":19,"column":23}},"13":{"start":{"line":21,"column":2},"end":{"line":21,"column":19}},"14":{"start":{"line":27,"column":0},"end":{"line":47,"column":1}},"15":{"start":{"line":28,"column":2},"end":{"line":28,"column":39}},"16":{"start":{"line":31,"column":2},"end":{"line":37,"column":3}},"17":{"start":{"line":32,"column":4},"end":{"line":32,"column":37}},"18":{"start":{"line":33,"column":4},"end":{"line":33,"column":26}},"19":{"start":{"line":34,"column":4},"end":{"line":34,"column":31}},"20":{"start":{"line":35,"column":4},"end":{"line":35,"column":25}},"21":{"start":{"line":36,"column":4},"end":{"line":36,"column":11}},"22":{"start":{"line":40,"column":2},"end":{"line":43,"column":3}},"23":{"start":{"line":41,"column":4},"end":{"line":41,"column":26}},"24":{"start":{"line":42,"column":4},"end":{"line":42,"column":11}},"25":{"start":{"line":46,"column":2},"end":{"line":46,"column":29}},"26":{"start":{"line":54,"column":0},"end":{"line":66,"column":1}},"27":{"start":{"line":55,"column":2},"end":{"line":55,"column":20}},"28":{"start":{"line":56,"column":2},"end":{"line":56,"column":38}},"29":{"start":{"line":56,"column":31},"end":{"line":56,"column":38}},"30":{"start":{"line":58,"column":2},"end":{"line":58,"column":44}},"31":{"start":{"line":59,"column":2},"end":{"line":59,"column":27}},"32":{"start":{"line":59,"column":20},"end":{"line":59,"column":27}},"33":{"start":{"line":61,"column":2},"end":{"line":61,"column":22}},"34":{"start":{"line":62,"column":2},"end":{"line":62,"column":35}},"35":{"start":{"line":63,"column":2},"end":{"line":63,"column":27}},"36":{"start":{"line":65,"column":2},"end":{"line":65,"column":19}},"37":{"start":{"line":73,"column":0},"end":{"line":78,"column":1}},"38":{"start":{"line":74,"column":2},"end":{"line":74,"column":28}},"39":{"start":{"line":75,"column":2},"end":{"line":75,"column":20}},"40":{"start":{"line":76,"column":2},"end":{"line":76,"column":55}},"41":{"start":{"line":77,"column":2},"end":{"line":77,"column":15}},"42":{"start":{"line":86,"column":0},"end":{"line":122,"column":1}},"43":{"start":{"line":87,"column":2},"end":{"line":87,"column":18}},"44":{"start":{"line":88,"column":2},"end":{"line":88,"column":39}},"45":{"start":{"line":90,"column":2},"end":{"line":121,"column":5}},"46":{"start":{"line":91,"column":4},"end":{"line":94,"column":5}},"47":{"start":{"line":92,"column":6},"end":{"line":92,"column":26}},"48":{"start":{"line":93,"column":6},"end":{"line":93,"column":13}},"49":{"start":{"line":96,"column":4},"end":{"line":99,"column":5}},"50":{"start":{"line":97,"column":6},"end":{"line":97,"column":25}},"51":{"start":{"line":98,"column":6},"end":{"line":98,"column":25}},"52":{"start":{"line":101,"column":4},"end":{"line":101,"column":39}},"53":{"start":{"line":102,"column":4},"end":{"line":120,"column":5}},"54":{"start":{"line":103,"column":6},"end":{"line":103,"column":26}},"55":{"start":{"line":105,"column":6},"end":{"line":119,"column":45}},"56":{"start":{"line":106,"column":8},"end":{"line":107,"column":50}},"57":{"start":{"line":107,"column":10},"end":{"line":107,"column":50}},"58":{"start":{"line":110,"column":6},"end":{"line":119,"column":45}},"59":{"start":{"line":111,"column":8},"end":{"line":114,"column":61}},"60":{"start":{"line":112,"column":10},"end":{"line":112,"column":50}},"61":{"start":{"line":114,"column":10},"end":{"line":114,"column":61}},"62":{"start":{"line":115,"column":8},"end":{"line":115,"column":21}},"63":{"start":{"line":118,"column":6},"end":{"line":119,"column":45}},"64":{"start":{"line":119,"column":8},"end":{"line":119,"column":45}},"65":{"start":{"line":129,"column":0},"end":{"line":142,"column":1}},"66":{"start":{"line":130,"column":2},"end":{"line":130,"column":39}},"67":{"start":{"line":132,"column":2},"end":{"line":132,"column":18}},"68":{"start":{"line":133,"column":2},"end":{"line":141,"column":5}},"69":{"start":{"line":134,"column":4},"end":{"line":134,"column":23}},"70":{"start":{"line":135,"column":4},"end":{"line":140,"column":5}},"71":{"start":{"line":136,"column":6},"end":{"line":136,"column":19}},"72":{"start":{"line":139,"column":6},"end":{"line":139,"column":32}},"73":{"start":{"line":147,"column":0},"end":{"line":173,"column":1}},"74":{"start":{"line":148,"column":2},"end":{"line":148,"column":39}},"75":{"start":{"line":150,"column":2},"end":{"line":150,"column":35}},"76":{"start":{"line":151,"column":2},"end":{"line":151,"column":24}},"77":{"start":{"line":152,"column":2},"end":{"line":152,"column":29}},"78":{"start":{"line":153,"column":2},"end":{"line":153,"column":17}},"79":{"start":{"line":155,"column":2},"end":{"line":155,"column":18}},"80":{"start":{"line":156,"column":2},"end":{"line":164,"column":5}},"81":{"start":{"line":157,"column":4},"end":{"line":163,"column":5}},"82":{"start":{"line":158,"column":6},"end":{"line":158,"column":27}},"83":{"start":{"line":161,"column":6},"end":{"line":161,"column":24}},"84":{"start":{"line":162,"column":6},"end":{"line":162,"column":47}},"85":{"start":{"line":167,"column":2},"end":{"line":169,"column":5}},"86":{"start":{"line":168,"column":4},"end":{"line":168,"column":22}},"87":{"start":{"line":170,"column":2},"end":{"line":172,"column":5}},"88":{"start":{"line":171,"column":4},"end":{"line":171,"column":22}},"89":{"start":{"line":180,"column":0},"end":{"line":204,"column":1}},"90":{"start":{"line":181,"column":2},"end":{"line":181,"column":20}},"91":{"start":{"line":182,"column":2},"end":{"line":182,"column":17}},"92":{"start":{"line":185,"column":2},"end":{"line":201,"column":3}},"93":{"start":{"line":186,"column":4},"end":{"line":186,"column":44}},"94":{"start":{"line":187,"column":4},"end":{"line":191,"column":5}},"95":{"start":{"line":188,"column":6},"end":{"line":188,"column":28}},"96":{"start":{"line":189,"column":6},"end":{"line":189,"column":19}},"97":{"start":{"line":190,"column":6},"end":{"line":190,"column":37}},"98":{"start":{"line":195,"column":4},"end":{"line":195,"column":46}},"99":{"start":{"line":196,"column":4},"end":{"line":200,"column":5}},"100":{"start":{"line":197,"column":6},"end":{"line":197,"column":28}},"101":{"start":{"line":198,"column":6},"end":{"line":198,"column":19}},"102":{"start":{"line":199,"column":6},"end":{"line":199,"column":39}},"103":{"start":{"line":203,"column":2},"end":{"line":203,"column":19}},"104":{"start":{"line":209,"column":0},"end":{"line":213,"column":1}},"105":{"start":{"line":210,"column":2},"end":{"line":212,"column":3}},"106":{"start":{"line":211,"column":4},"end":{"line":211,"column":34}}},"branchMap":{"1":{"line":28,"type":"binary-expr","locations":[{"start":{"line":28,"column":13},"end":{"line":28,"column":21}},{"start":{"line":28,"column":25},"end":{"line":28,"column":38}}]},"2":{"line":31,"type":"if","locations":[{"start":{"line":31,"column":2},"end":{"line":31,"column":2}},{"start":{"line":31,"column":2},"end":{"line":31,"column":2}}]},"3":{"line":40,"type":"if","locations":[{"start":{"line":40,"column":2},"end":{"line":40,"column":2}},{"start":{"line":40,"column":2},"end":{"line":40,"column":2}}]},"4":{"line":40,"type":"binary-expr","locations":[{"start":{"line":40,"column":6},"end":{"line":40,"column":31}},{"start":{"line":40,"column":35},"end":{"line":40,"column":69}}]},"5":{"line":55,"type":"binary-expr","locations":[{"start":{"line":55,"column":9},"end":{"line":55,"column":13}},{"start":{"line":55,"column":17},"end":{"line":55,"column":19}}]},"6":{"line":56,"type":"if","locations":[{"start":{"line":56,"column":2},"end":{"line":56,"column":2}},{"start":{"line":56,"column":2},"end":{"line":56,"column":2}}]},"7":{"line":59,"type":"if","locations":[{"start":{"line":59,"column":2},"end":{"line":59,"column":2}},{"start":{"line":59,"column":2},"end":{"line":59,"column":2}}]},"8":{"line":88,"type":"binary-expr","locations":[{"start":{"line":88,"column":13},"end":{"line":88,"column":21}},{"start":{"line":88,"column":25},"end":{"line":88,"column":38}}]},"9":{"line":91,"type":"if","locations":[{"start":{"line":91,"column":4},"end":{"line":91,"column":4}},{"start":{"line":91,"column":4},"end":{"line":91,"column":4}}]},"10":{"line":105,"type":"if","locations":[{"start":{"line":105,"column":6},"end":{"line":105,"column":6}},{"start":{"line":105,"column":6},"end":{"line":105,"column":6}}]},"11":{"line":110,"type":"if","locations":[{"start":{"line":110,"column":6},"end":{"line":110,"column":6}},{"start":{"line":110,"column":6},"end":{"line":110,"column":6}}]},"12":{"line":111,"type":"if","locations":[{"start":{"line":111,"column":8},"end":{"line":111,"column":8}},{"start":{"line":111,"column":8},"end":{"line":111,"column":8}}]},"13":{"line":111,"type":"binary-expr","locations":[{"start":{"line":111,"column":12},"end":{"line":111,"column":29}},{"start":{"line":111,"column":33},"end":{"line":111,"column":48}},{"start":{"line":111,"column":52},"end":{"line":111,"column":69}}]},"14":{"line":118,"type":"if","locations":[{"start":{"line":118,"column":6},"end":{"line":118,"column":6}},{"start":{"line":118,"column":6},"end":{"line":118,"column":6}}]},"15":{"line":130,"type":"binary-expr","locations":[{"start":{"line":130,"column":13},"end":{"line":130,"column":21}},{"start":{"line":130,"column":25},"end":{"line":130,"column":38}}]},"16":{"line":135,"type":"if","locations":[{"start":{"line":135,"column":4},"end":{"line":135,"column":4}},{"start":{"line":135,"column":4},"end":{"line":135,"column":4}}]},"17":{"line":148,"type":"binary-expr","locations":[{"start":{"line":148,"column":13},"end":{"line":148,"column":21}},{"start":{"line":148,"column":25},"end":{"line":148,"column":38}}]},"18":{"line":157,"type":"if","locations":[{"start":{"line":157,"column":4},"end":{"line":157,"column":4}},{"start":{"line":157,"column":4},"end":{"line":157,"column":4}}]},"19":{"line":181,"type":"binary-expr","locations":[{"start":{"line":181,"column":9},"end":{"line":181,"column":13}},{"start":{"line":181,"column":17},"end":{"line":181,"column":19}}]},"20":{"line":185,"type":"if","locations":[{"start":{"line":185,"column":2},"end":{"line":185,"column":2}},{"start":{"line":185,"column":2},"end":{"line":185,"column":2}}]},"21":{"line":187,"type":"if","locations":[{"start":{"line":187,"column":4},"end":{"line":187,"column":4}},{"start":{"line":187,"column":4},"end":{"line":187,"column":4}}]},"22":{"line":196,"type":"if","locations":[{"start":{"line":196,"column":4},"end":{"line":196,"column":4}},{"start":{"line":196,"column":4},"end":{"line":196,"column":4}}]},"23":{"line":210,"type":"if","locations":[{"start":{"line":210,"column":2},"end":{"line":210,"column":2}},{"start":{"line":210,"column":2},"end":{"line":210,"column":2}}]}},"code":["var mysql = require('mysql');","var AAConn = require('./conn');","var AAQuery = require('./query');","var mescape = mysql.escape;","var mescapeId = mysql.escapeId;","","// connection pool class","var AAPool = module.exports = function(conf) {","  // default config","  this.conf = {};","  for (var i in conf) {","    this.conf[i] = conf[i];","  }","  // total connections","  this.totConn = 0;","  // free connections","  this.freeConn = [];","  // active connections","  this.activeConn = [];","  // waiting list (not that waiter)","  this.waiter = [];","}","","/**"," * get an available connection"," */","AAPool.prototype.get = function(callback) {","  callback = callback || function() {};","","  // exist free connection","  if (this.freeConn.length > 0) {","    var conn = this.freeConn.shift();","    conn.class = 'active';","    this.activeConn.push(conn);","    callback(null, conn);","    return;","  }","","  // create new connection","  if (this.conf.connLimit === 0 || this.totConn < this.conf.connLimit) {","    this.create(callback);","    return;","  }","","  // add to waiting list","  this.waiter.push(callback);","}","","/**"," * release a connection to pool"," *"," * @param {Object} connection"," */","AAPool.prototype.release = function(conn) {","  conn = conn || {};","  if (conn.class !== 'active') return;","","  var index = this.activeConn.indexOf(conn);","  if (index === -1) return;","","  conn.class = 'free';","  this.activeConn.splice(index, 1);","  this.freeConn.push(conn);","","  this.waiterGet();","}","","/**"," * select a table and return a query obj to chain"," *"," * @param {String} table name"," */ ","AAPool.prototype.table = function(name) {","  var query = new AAQuery();","  query.pool = this;","  query.sql.table = mescapeId(this.conf.prefix + name);","  return query;","}","","/**"," * get a connection and query (Not Recommended)"," * Just for compatible with the old version"," *"," * @param {Object} query data"," */ ","AAPool.prototype.run = function(data, callback) {","  var self = this;","  callback = callback || function() {};","","  this.get(function(err, conn) {","    if (err) {","      callback(err, null);","      return;","    }","","    var cb = function(err, res) {","      self.release(conn);","      callback(err, res);","    }","","    var query = conn.table(data.table);","    for (var i in data) {","      var value = data[i];","","      if (i == 'join') {","        for (var j = 0; j < value.length; j++)","          query = query[i].apply(query, value[j]);","      }","      else","      if (i == 'method') {","        if (value == 'select' || value == 'find' || value == 'delete')","          query = query[value].apply(query, [cb]);","        else","          query = query[value].apply(query, [data.data, cb]);","        return query;","      }","      else","      if (typeof query[i] == 'function')","        query = query[i].apply(query, value);","    }","  });","}","","/**"," * query a sql"," *"," * @param {String} sql string"," */","AAPool.prototype.query = function(sql, callback) {","  callback = callback || function() {};","","  var self = this;","  this.get(function(err, conn) {","    self.release(conn);","    if (err) {","      callback(err)","    }","    else {","      conn.query(sql, callback);","    }","  });","}","","/**"," * create a connection"," */","AAPool.prototype.create = function(callback) {","  callback = callback || function() {};","","  var conn = new AAConn(this.conf);","  conn.class = 'active';","  this.activeConn.push(conn);","  this.totConn++;","","  var self = this;","  conn.connect(function(err) {","    if (!err) {","      callback(null, conn);","    }","    else {","      self.delete(conn);","      callback('cannot create new connection');","    }","  });","","  // bind events","  conn.on('error', function(err) {","    self.delete(conn);","  });","  conn.on('end', function(err) {","    self.delete(conn);","  });","}","","/**"," * delete a connection"," *"," * @param {Object} connection"," */","AAPool.prototype.delete = function(conn) {","  conn = conn || {};","  this.totConn--;","","  // free conn","  if (conn.class == 'free') {","    var index = this.freeConn.indexOf(conn);","    if (index !== -1) {","      conn.class = 'delete';","      conn.close();","      this.freeConn.splice(index, 1);","    }","  }","  // active conn","  else {","    var index = this.activeConn.indexOf(conn);","    if (index !== -1) {","      conn.class = 'delete';","      conn.close();","      this.activeConn.splice(index, 1);","    }","  }","","  this.waiterGet();","}","","/**"," * get a connection for waiter"," */","AAPool.prototype.waiterGet = function() {","  if (this.waiter.length > 0) {","    this.get(this.waiter.shift());","  }","}",""],"l":{"1":1,"2":1,"3":1,"4":1,"5":1,"8":1,"10":0,"11":0,"12":0,"15":0,"17":0,"19":0,"21":0,"27":1,"28":0,"31":0,"32":0,"33":0,"34":0,"35":0,"36":0,"40":0,"41":0,"42":0,"46":0,"54":1,"55":0,"56":0,"58":0,"59":0,"61":0,"62":0,"63":0,"65":0,"73":1,"74":0,"75":0,"76":0,"77":0,"86":1,"87":0,"88":0,"90":0,"91":0,"92":0,"93":0,"96":0,"97":0,"98":0,"101":0,"102":0,"103":0,"105":0,"106":0,"107":0,"110":0,"111":0,"112":0,"114":0,"115":0,"118":0,"119":0,"129":1,"130":0,"132":0,"133":0,"134":0,"135":0,"136":0,"139":0,"147":1,"148":0,"150":0,"151":0,"152":0,"153":0,"155":0,"156":0,"157":0,"158":0,"161":0,"162":0,"167":0,"168":0,"170":0,"171":0,"180":1,"181":0,"182":0,"185":0,"186":0,"187":0,"188":0,"189":0,"190":0,"195":0,"196":0,"197":0,"198":0,"199":0,"203":0,"209":1,"210":0,"211":0}}}